<?xml version="1.0" encoding="UTF-8"?>
<testsuite name="com.ceiba.parqueadero.CalculadoraTests" tests="12" skipped="0" failures="0" errors="0" timestamp="2018-06-28T20:41:04" hostname="STIVINSON-MARTINEZ" time="0.096">
  <properties/>
  <testcase name="cobro_1_dia_carro" classname="com.ceiba.parqueadero.CalculadoraTests" time="0.039"/>
  <testcase name="cobro_3_dia_carro" classname="com.ceiba.parqueadero.CalculadoraTests" time="0.006"/>
  <testcase name="cobro_1_hora_moto" classname="com.ceiba.parqueadero.CalculadoraTests" time="0.004"/>
  <testcase name="cobro_1_hora_carro" classname="com.ceiba.parqueadero.CalculadoraTests" time="0.004"/>
  <testcase name="cobro_2_hora_carro" classname="com.ceiba.parqueadero.CalculadoraTests" time="0.003"/>
  <testcase name="cobro_3_hora_moto" classname="com.ceiba.parqueadero.CalculadoraTests" time="0.004"/>
  <testcase name="cobro_3_hora_carro" classname="com.ceiba.parqueadero.CalculadoraTests" time="0.003"/>
  <testcase name="cobro_3_dia_moto" classname="com.ceiba.parqueadero.CalculadoraTests" time="0.003"/>
  <testcase name="cobro_1_dia_moto" classname="com.ceiba.parqueadero.CalculadoraTests" time="0.002"/>
  <testcase name="cobro_1_dia_horas_moto" classname="com.ceiba.parqueadero.CalculadoraTests" time="0.003"/>
  <testcase name="cobro1_dia_horas_carro" classname="com.ceiba.parqueadero.CalculadoraTests" time="0.004"/>
  <testcase name="cobro_2_hora_moto" classname="com.ceiba.parqueadero.CalculadoraTests" time="0.004"/>
  <system-out><![CDATA[15:40:55.421 [Test worker] DEBUG org.springframework.test.context.junit4.SpringJUnit4ClassRunner - SpringJUnit4ClassRunner constructor called with [class com.ceiba.parqueadero.CalculadoraTests]
15:40:55.433 [Test worker] DEBUG org.springframework.test.context.BootstrapUtils - Instantiating CacheAwareContextLoaderDelegate from class [org.springframework.test.context.cache.DefaultCacheAwareContextLoaderDelegate]
15:40:55.453 [Test worker] DEBUG org.springframework.test.context.BootstrapUtils - Instantiating BootstrapContext using constructor [public org.springframework.test.context.support.DefaultBootstrapContext(java.lang.Class,org.springframework.test.context.CacheAwareContextLoaderDelegate)]
15:40:55.482 [Test worker] DEBUG org.springframework.test.context.BootstrapUtils - Instantiating TestContextBootstrapper for test class [com.ceiba.parqueadero.CalculadoraTests] from class [org.springframework.boot.test.context.SpringBootTestContextBootstrapper]
15:40:55.505 [Test worker] INFO org.springframework.boot.test.context.SpringBootTestContextBootstrapper - Neither @ContextConfiguration nor @ContextHierarchy found for test class [com.ceiba.parqueadero.CalculadoraTests], using SpringBootContextLoader
15:40:55.512 [Test worker] DEBUG org.springframework.test.context.support.AbstractContextLoader - Did not detect default resource location for test class [com.ceiba.parqueadero.CalculadoraTests]: class path resource [com/ceiba/parqueadero/CalculadoraTests-context.xml] does not exist
15:40:55.513 [Test worker] DEBUG org.springframework.test.context.support.AbstractContextLoader - Did not detect default resource location for test class [com.ceiba.parqueadero.CalculadoraTests]: class path resource [com/ceiba/parqueadero/CalculadoraTestsContext.groovy] does not exist
15:40:55.513 [Test worker] INFO org.springframework.test.context.support.AbstractContextLoader - Could not detect default resource locations for test class [com.ceiba.parqueadero.CalculadoraTests]: no resource found for suffixes {-context.xml, Context.groovy}.
15:40:55.518 [Test worker] INFO org.springframework.test.context.support.AnnotationConfigContextLoaderUtils - Could not detect default configuration classes for test class [com.ceiba.parqueadero.CalculadoraTests]: CalculadoraTests does not declare any static, non-private, non-final, nested classes annotated with @Configuration.
15:40:55.585 [Test worker] DEBUG org.springframework.test.context.support.ActiveProfilesUtils - Could not find an 'annotation declaring class' for annotation type [org.springframework.test.context.ActiveProfiles] and class [com.ceiba.parqueadero.CalculadoraTests]
15:40:55.603 [Test worker] DEBUG org.springframework.core.env.StandardEnvironment - Adding PropertySource 'systemProperties' with lowest search precedence
15:40:55.604 [Test worker] DEBUG org.springframework.core.env.StandardEnvironment - Adding PropertySource 'systemEnvironment' with lowest search precedence
15:40:55.605 [Test worker] DEBUG org.springframework.core.env.StandardEnvironment - Initialized StandardEnvironment with PropertySources [MapPropertySource@1420873515 {name='systemProperties', properties={java.runtime.name=Java(TM) SE Runtime Environment, sun.boot.library.path=C:\Program Files\Java\jdk1.8.0_171\jre\bin, java.vm.version=25.171-b11, java.vm.vendor=Oracle Corporation, java.vendor.url=http://java.oracle.com/, path.separator=;, java.vm.name=Java HotSpot(TM) 64-Bit Server VM, file.encoding.pkg=sun.io, user.script=, sun.java.launcher=SUN_STANDARD, user.country=US, sun.os.patch.level=, java.vm.specification.name=Java Virtual Machine Specification, user.dir=C:\Users\stivinson.martinez\Documents\parqueadero, java.runtime.version=1.8.0_171-b11, java.awt.graphicsenv=sun.awt.Win32GraphicsEnvironment, java.endorsed.dirs=C:\Program Files\Java\jdk1.8.0_171\jre\lib\endorsed, os.arch=amd64, java.io.tmpdir=C:\Users\STIVIN~1.MAR\AppData\Local\Temp\, line.separator=
, java.vm.specification.vendor=Oracle Corporation, user.variant=, os.name=Windows 10, sun.jnu.encoding=Cp1252, java.library.path=C:\Program Files\Java\jdk1.8.0_171\bin;C:\Windows\Sun\Java\bin;C:\Windows\system32;C:\Windows;C:/Program Files/Java/jre1.8.0_171/bin/server;C:/Program Files/Java/jre1.8.0_171/bin;C:/Program Files/Java/jre1.8.0_171/lib/amd64;C:\Program Files (x86)\Common Files\Oracle\Java\javapath;C:\Oracle\product\11.1.0\client_1\bin;C:\Program Files\CollabNet\Subversion Client;C:\Windows\system32;C:\Windows;C:\Windows\System32\Wbem;C:\Windows\System32\WindowsPowerShell\v1.0\;C:\Windows\System32\OpenSSH\;C:\Program Files\TortoiseSVN\bin;C:\Program Files\Java\jdk1.8.0_171\bin;C:\Program Files\Git\cmd;C:\Gradle\gradle-4.8.1\bin;C:\Program Files\nodejs\;C:\Users\stivinson.martinez\AppData\Local\Microsoft\WindowsApps;C:\Users\stivinson.martinez\AppData\Roaming\npm;C:\Users\stivinson.martinez\AppData\Local\atom\bin;C:\Users\stivinson.martinez\Desktop;;., java.specification.name=Java Platform API Specification, java.class.version=52.0, sun.management.compiler=HotSpot 64-Bit Tiered Compilers, os.version=10.0, user.home=C:\Users\stivinson.martinez, user.timezone=America/Bogota, java.awt.printerjob=sun.awt.windows.WPrinterJob, file.encoding=windows-1252, java.specification.version=1.8, java.class.path=C:\Users\stivinson.martinez\Documents\parqueadero\build\classes\test;C:\Users\stivinson.martinez\Documents\parqueadero\build\resources\test;C:\Users\stivinson.martinez\Documents\parqueadero\build\classes\main;C:\Users\stivinson.martinez\Documents\parqueadero\build\resources\main;C:\Users\stivinson.martinez\.gradle\caches\modules-2\files-2.1\org.springframework.boot\spring-boot-starter-actuator\1.5.14.RELEASE\b25f52cc7db0bbe03c69a8a7efb2bbb6183c0796\spring-boot-starter-actuator-1.5.14.RELEASE.jar;C:\Users\stivinson.martinez\.gradle\caches\modules-2\files-2.1\org.springframework.boot\spring-boot-starter-data-jpa\1.5.14.RELEASE\d259292ee2d8ad78b5aa95a9c7e60280cd0503a3\spring-boot-starter-data-jpa-1.5.14.RELEASE.jar;C:\Users\stivinson.martinez\.gradle\caches\modules-2\files-2.1\org.springframework.boot\spring-boot-starter-jersey\1.5.14.RELEASE\365e253816807bb3a890bc41e195a4afb022b4aa\spring-boot-starter-jersey-1.5.14.RELEASE.jar;C:\Users\stivinson.martinez\.gradle\caches\modules-2\files-2.1\org.springframework.boot\spring-boot-starter-web\1.5.14.RELEASE\ec32935a77eef7d87fc006af65064e3f9270796\spring-boot-starter-web-1.5.14.RELEASE.jar;C:\Users\stivinson.martinez\.gradle\caches\modules-2\files-2.1\com.h2database\h2\1.4.197\bb391050048ca8ae3e32451b5a3714ecd3596a46\h2-1.4.197.jar;C:\Users\stivinson.martinez\.gradle\caches\modules-2\files-2.1\mysql\mysql-connector-java\5.1.46\9a3e63b387e376364211e96827bc27db8d7a92e9\mysql-connector-java-5.1.46.jar;C:\Users\stivinson.martinez\.gradle\caches\modules-2\files-2.1\org.springframework.boot\spring-boot-starter-test\1.5.14.RELEASE\52196e5194feeb54d302752246a1b3e205eef237\spring-boot-starter-test-1.5.14.RELEASE.jar;C:\Users\stivinson.martinez\.gradle\caches\modules-2\files-2.1\org.springframework.boot\spring-boot-starter\1.5.14.RELEASE\f890a2d65f01f8c63bf5a4472a2b28986a5aeb43\spring-boot-starter-1.5.14.RELEASE.jar;C:\Users\stivinson.martinez\.gradle\caches\modules-2\files-2.1\org.springframework.boot\spring-boot-actuator\1.5.14.RELEASE\69e9bdb92fc555497a4d388e22d07549e09a2543\spring-boot-actuator-1.5.14.RELEASE.jar;C:\Users\stivinson.martinez\.gradle\caches\modules-2\files-2.1\org.springframework.boot\spring-boot-starter-aop\1.5.14.RELEASE\356db50e4875cdc706e4f298761bd864edcae400\spring-boot-starter-aop-1.5.14.RELEASE.jar;C:\Users\stivinson.martinez\.gradle\caches\modules-2\files-2.1\org.springframework.boot\spring-boot-starter-jdbc\1.5.14.RELEASE\dfe6414810f74dbfddc8f0dd1507e33bcdd9594\spring-boot-starter-jdbc-1.5.14.RELEASE.jar;C:\Users\stivinson.martinez\.gradle\caches\modules-2\files-2.1\org.hibernate\hibernate-core\5.0.12.Final\e58bf1c660e6706d8e2cbb53bae110f574366102\hibernate-core-5.0.12.Final.jar;C:\Users\stivinson.martinez\.gradle\caches\modules-2\files-2.1\org.hibernate\hibernate-entitymanager\5.0.12.Final\302a526f5058290e9cbd719a5caf9f248d344719\hibernate-entitymanager-5.0.12.Final.jar;C:\Users\stivinson.martinez\.gradle\caches\modules-2\files-2.1\javax.transaction\javax.transaction-api\1.2\d81aff979d603edd90dcd8db2abc1f4ce6479e3e\javax.transaction-api-1.2.jar;C:\Users\stivinson.martinez\.gradle\caches\modules-2\files-2.1\org.springframework.data\spring-data-jpa\1.11.13.RELEASE\71fa865eb8446dc29d9a4765432f7728fe9a88be\spring-data-jpa-1.11.13.RELEASE.jar;C:\Users\stivinson.martinez\.gradle\caches\modules-2\files-2.1\org.springframework\spring-aspects\4.3.18.RELEASE\d7ff868830a15461ff749bea6860590f41777425\spring-aspects-4.3.18.RELEASE.jar;C:\Users\stivinson.martinez\.gradle\caches\modules-2\files-2.1\org.springframework.boot\spring-boot-starter-tomcat\1.5.14.RELEASE\ec97b1bdac6feee248116a79c537023894950e4c\spring-boot-starter-tomcat-1.5.14.RELEASE.jar;C:\Users\stivinson.martinez\.gradle\caches\modules-2\files-2.1\org.springframework.boot\spring-boot-starter-validation\1.5.14.RELEASE\d74acc3282b3cbc4c5fb965a5b4db1e2cd4d283c\spring-boot-starter-validation-1.5.14.RELEASE.jar;C:\Users\stivinson.martinez\.gradle\caches\modules-2\files-2.1\com.fasterxml.jackson.core\jackson-databind\2.8.11.2\2c5051e8e84d2c16316b758ebf746f9e90bef5a4\jackson-databind-2.8.11.2.jar;C:\Users\stivinson.martinez\.gradle\caches\modules-2\files-2.1\org.springframework\spring-web\4.3.18.RELEASE\e41042a70a7d80da52261c1dfc569c7518b70dce\spring-web-4.3.18.RELEASE.jar;C:\Users\stivinson.martinez\.gradle\caches\modules-2\files-2.1\org.glassfish.jersey.core\jersey-server\2.25.1\276e2ee0fd1cdabf99357fce560c5baab675b1a2\jersey-server-2.25.1.jar;C:\Users\stivinson.martinez\.gradle\caches\modules-2\files-2.1\org.glassfish.jersey.containers\jersey-container-servlet-core\2.25.1\400e30bb035a0cdf3c554530224141ce659a0d1e\jersey-container-servlet-core-2.25.1.jar;C:\Users\stivinson.martinez\.gradle\caches\modules-2\files-2.1\org.glassfish.jersey.containers\jersey-container-servlet\2.25.1\cf5f7a76fcea38158b890ab7a0142d4db709a882\jersey-container-servlet-2.25.1.jar;C:\Users\stivinson.martinez\.gradle\caches\modules-2\files-2.1\org.glassfish.jersey.ext\jersey-bean-validation\2.25.1\1971927d79cad0ad2b5a3bfda24967748a2023d\jersey-bean-validation-2.25.1.jar;C:\Users\stivinson.martinez\.gradle\caches\modules-2\files-2.1\org.glassfish.jersey.ext\jersey-spring3\2.25.1\a31bfcd2fcae5beb979d3f41079b6f4020d6fbc9\jersey-spring3-2.25.1.jar;C:\Users\stivinson.martinez\.gradle\caches\modules-2\files-2.1\org.glassfish.jersey.media\jersey-media-json-jackson\2.25.1\19d1e4276eb7b6386640c344d9e5c01eba7eae5d\jersey-media-json-jackson-2.25.1.jar;C:\Users\stivinson.martinez\.gradle\caches\modules-2\files-2.1\org.hibernate\hibernate-validator\5.3.6.Final\4c730be8bf55a8e9a61e79a2f2c079abf48b718\hibernate-validator-5.3.6.Final.jar;C:\Users\stivinson.martinez\.gradle\caches\modules-2\files-2.1\org.springframework\spring-webmvc\4.3.18.RELEASE\67ad7f59830df97ab73f8c7ab53ea33ae7dcb68\spring-webmvc-4.3.18.RELEASE.jar;C:\Users\stivinson.martinez\.gradle\caches\modules-2\files-2.1\org.springframework.boot\spring-boot-test\1.5.14.RELEASE\4af443ced531a37da4a67274dac2a3464b8f74a1\spring-boot-test-1.5.14.RELEASE.jar;C:\Users\stivinson.martinez\.gradle\caches\modules-2\files-2.1\org.springframework.boot\spring-boot-test-autoconfigure\1.5.14.RELEASE\ad132e99413ffcf2ef3ac43f6f5dfff34e8d0c06\spring-boot-test-autoconfigure-1.5.14.RELEASE.jar;C:\Users\stivinson.martinez\.gradle\caches\modules-2\files-2.1\com.jayway.jsonpath\json-path\2.2.0\22290d17944bd239fabf5ac69005a60a7ecbbbcb\json-path-2.2.0.jar;C:\Users\stivinson.martinez\.gradle\caches\modules-2\files-2.1\junit\junit\4.12\2973d150c0dc1fefe998f834810d68f278ea58ec\junit-4.12.jar;C:\Users\stivinson.martinez\.gradle\caches\modules-2\files-2.1\org.assertj\assertj-core\2.6.0\b532c3fc4f66bcfee4989a3514f1cd56203a33ad\assertj-core-2.6.0.jar;C:\Users\stivinson.martinez\.gradle\caches\modules-2\files-2.1\org.mockito\mockito-core\1.10.19\e8546f5bef4e061d8dd73895b4e8f40e3fe6effe\mockito-core-1.10.19.jar;C:\Users\stivinson.martinez\.gradle\caches\modules-2\files-2.1\org.hamcrest\hamcrest-core\1.3\42a25dc3219429f0e5d060061f71acb49bf010a0\hamcrest-core-1.3.jar;C:\Users\stivinson.martinez\.gradle\caches\modules-2\files-2.1\org.hamcrest\hamcrest-library\1.3\4785a3c21320980282f9f33d0d1264a69040538f\hamcrest-library-1.3.jar;C:\Users\stivinson.martinez\.gradle\caches\modules-2\files-2.1\org.skyscreamer\jsonassert\1.4.0\9cdbb373a06f6513e51e8c545ee6a5e981463edb\jsonassert-1.4.0.jar;C:\Users\stivinson.martinez\.gradle\caches\modules-2\files-2.1\org.springframework\spring-core\4.3.18.RELEASE\4acbce682c3dfe38181d57b7e0792e2cc21e4f77\spring-core-4.3.18.RELEASE.jar;C:\Users\stivinson.martinez\.gradle\caches\modules-2\files-2.1\org.springframework\spring-test\4.3.18.RELEASE\1995997f20dcb66d44c252bb6d1a06eff00b465e\spring-test-4.3.18.RELEASE.jar;C:\Users\stivinson.martinez\.gradle\caches\modules-2\files-2.1\org.springframework.boot\spring-boot\1.5.14.RELEASE\af490756d8a0d3c0dcfb5372f4586afce6b3c960\spring-boot-1.5.14.RELEASE.jar;C:\Users\stivinson.martinez\.gradle\caches\modules-2\files-2.1\org.springframework.boot\spring-boot-autoconfigure\1.5.14.RELEASE\a33f2ce0b5c4a41d61aa5fa1817d0055dea7150e\spring-boot-autoconfigure-1.5.14.RELEASE.jar;C:\Users\stivinson.martinez\.gradle\caches\modules-2\files-2.1\org.springframework.boot\spring-boot-starter-logging\1.5.14.RELEASE\970e7424050d1d1179640ec53b24953fa29fdcbd\spring-boot-starter-logging-1.5.14.RELEASE.jar;C:\Users\stivinson.martinez\.gradle\caches\modules-2\files-2.1\org.yaml\snakeyaml\1.17\7a27ea250c5130b2922b86dea63cbb1cc10a660c\snakeyaml-1.17.jar;C:\Users\stivinson.martinez\.gradle\caches\modules-2\files-2.1\org.springframework\spring-context\4.3.18.RELEASE\d302953b509e6d380856e245bf80c29770c08c98\spring-context-4.3.18.RELEASE.jar;C:\Users\stivinson.martinez\.gradle\caches\modules-2\files-2.1\org.springframework\spring-aop\4.3.18.RELEASE\dd930265a504563d76de79864ae3196f6e9035e0\spring-aop-4.3.18.RELEASE.jar;C:\Users\stivinson.martinez\.gradle\caches\modules-2\files-2.1\org.aspectj\aspectjweaver\1.8.13\ad94df2a28d658a40dc27bbaff6a1ce5fbf04e9b\aspectjweaver-1.8.13.jar;C:\Users\stivinson.martinez\.gradle\caches\modules-2\files-2.1\org.apache.tomcat\tomcat-jdbc\8.5.31\7caa97fbe2765d3ed89adc036b852cc46456e415\tomcat-jdbc-8.5.31.jar;C:\Users\stivinson.martinez\.gradle\caches\modules-2\files-2.1\org.springframework\spring-jdbc\4.3.18.RELEASE\816bc40759cd07ec50b86b1472aa021813387114\spring-jdbc-4.3.18.RELEASE.jar;C:\Users\stivinson.martinez\.gradle\caches\modules-2\files-2.1\org.jboss.logging\jboss-logging\3.3.2.Final\3789d00e859632e6c6206adc0c71625559e6e3b0\jboss-logging-3.3.2.Final.jar;C:\Users\stivinson.martinez\.gradle\caches\modules-2\files-2.1\org.hibernate.javax.persistence\hibernate-jpa-2.1-api\1.0.0.Final\5e731d961297e5a07290bfaf3db1fbc8bbbf405a\hibernate-jpa-2.1-api-1.0.0.Final.jar;C:\Users\stivinson.martinez\.gradle\caches\modules-2\files-2.1\org.javassist\javassist\3.21.0-GA\598244f595db5c5fb713731eddbb1c91a58d959b\javassist-3.21.0-GA.jar;C:\Users\stivinson.martinez\.gradle\caches\modules-2\files-2.1\antlr\antlr\2.7.7\83cd2cd674a217ade95a4bb83a8a14f351f48bd0\antlr-2.7.7.jar;C:\Users\stivinson.martinez\.gradle\caches\modules-2\files-2.1\org.jboss\jandex\2.0.0.Final\3e899258936f94649c777193e1be846387ed54b3\jandex-2.0.0.Final.jar;C:\Users\stivinson.martinez\.gradle\caches\modules-2\files-2.1\dom4j\dom4j\1.6.1\5d3ccc056b6f056dbf0dddfdf43894b9065a8f94\dom4j-1.6.1.jar;C:\Users\stivinson.martinez\.gradle\caches\modules-2\files-2.1\org.hibernate.common\hibernate-commons-annotations\5.0.1.Final\71e1cff3fcb20d3b3af4f3363c3ddb24d33c6879\hibernate-commons-annotations-5.0.1.Final.jar;C:\Users\stivinson.martinez\.gradle\caches\modules-2\files-2.1\org.springframework.data\spring-data-commons\1.13.13.RELEASE\9f51e01185ef86a433a3b490b3b15bd903a26199\spring-data-commons-1.13.13.RELEASE.jar;C:\Users\stivinson.martinez\.gradle\caches\modules-2\files-2.1\org.springframework\spring-orm\4.3.18.RELEASE\f5f7cef67e9729f0f96a89441ae24980c7339da8\spring-orm-4.3.18.RELEASE.jar;C:\Users\stivinson.martinez\.gradle\caches\modules-2\files-2.1\org.springframework\spring-tx\4.3.18.RELEASE\b6b7938f7d8ba412b6663a8b950592557c2d996e\spring-tx-4.3.18.RELEASE.jar;C:\Users\stivinson.martinez\.gradle\caches\modules-2\files-2.1\org.springframework\spring-beans\4.3.18.RELEASE\27460686b16b3ffee60bb3365cd56bba6ed860ff\spring-beans-4.3.18.RELEASE.jar;C:\Users\stivinson.martinez\.gradle\caches\modules-2\files-2.1\org.slf4j\slf4j-api\1.7.25\da76ca59f6a57ee3102f8f9bd9cee742973efa8a\slf4j-api-1.7.25.jar;C:\Users\stivinson.martinez\.gradle\caches\modules-2\files-2.1\org.slf4j\jcl-over-slf4j\1.7.25\f8c32b13ff142a513eeb5b6330b1588dcb2c0461\jcl-over-slf4j-1.7.25.jar;C:\Users\stivinson.martinez\.gradle\caches\modules-2\files-2.1\org.apache.tomcat.embed\tomcat-embed-core\8.5.31\f5adf7ed8c34aa005b22b6a2dc7b6796e10e9c79\tomcat-embed-core-8.5.31.jar;C:\Users\stivinson.martinez\.gradle\caches\modules-2\files-2.1\org.apache.tomcat.embed\tomcat-embed-el\8.5.31\3a536e1ac71b82627c3a7408eb38fa0704cb9034\tomcat-embed-el-8.5.31.jar;C:\Users\stivinson.martinez\.gradle\caches\modules-2\files-2.1\org.apache.tomcat.embed\tomcat-embed-websocket\8.5.31\6564e716b89de5eaa0dd234ae7989576503ddf3\tomcat-embed-websocket-8.5.31.jar;C:\Users\stivinson.martinez\.gradle\caches\modules-2\files-2.1\com.fasterxml.jackson.core\jackson-annotations\2.8.0\45b426f7796b741035581a176744d91090e2e6fb\jackson-annotations-2.8.0.jar;C:\Users\stivinson.martinez\.gradle\caches\modules-2\files-2.1\com.fasterxml.jackson.core\jackson-core\2.8.11\876ead1db19f0c9e79c9789273a3ef8c6fd6c29b\jackson-core-2.8.11.jar;C:\Users\stivinson.martinez\.gradle\caches\modules-2\files-2.1\org.glassfish.jersey.core\jersey-common\2.25.1\2438ce68d4907046095ab54aa83a6092951b4bbb\jersey-common-2.25.1.jar;C:\Users\stivinson.martinez\.gradle\caches\modules-2\files-2.1\org.glassfish.jersey.core\jersey-client\2.25.1\4d563b1f93352ee9fad597e9e1daf2c6159993c6\jersey-client-2.25.1.jar;C:\Users\stivinson.martinez\.gradle\caches\modules-2\files-2.1\javax.ws.rs\javax.ws.rs-api\2.0.1\104e9c2b5583cfcfeac0402316221648d6d8ea6b\javax.ws.rs-api-2.0.1.jar;C:\Users\stivinson.martinez\.gradle\caches\modules-2\files-2.1\org.glassfish.jersey.media\jersey-media-jaxb\2.25.1\d7da0beeed5614a3bfd882662faec602699e24b\jersey-media-jaxb-2.25.1.jar;C:\Users\stivinson.martinez\.gradle\caches\modules-2\files-2.1\javax.annotation\javax.annotation-api\1.2\479c1e06db31c432330183f5cae684163f186146\javax.annotation-api-1.2.jar;C:\Users\stivinson.martinez\.gradle\caches\modules-2\files-2.1\org.glassfish.hk2\hk2-api\2.5.0-b32\6a576c9653832ce610b80a2f389374ef19d96171\hk2-api-2.5.0-b32.jar;C:\Users\stivinson.martinez\.gradle\caches\modules-2\files-2.1\org.glassfish.hk2.external\javax.inject\2.5.0-b32\b2fa50c8186a38728c35fe6a9da57ce4cc806923\javax.inject-2.5.0-b32.jar;C:\Users\stivinson.martinez\.gradle\caches\modules-2\files-2.1\org.glassfish.hk2\hk2-locator\2.5.0-b32\195474f8ad0a8d130e9ea949a771bcf1215fc33b\hk2-locator-2.5.0-b32.jar;C:\Users\stivinson.martinez\.gradle\caches\modules-2\files-2.1\javax.validation\validation-api\1.1.0.Final\8613ae82954779d518631e05daa73a6a954817d5\validation-api-1.1.0.Final.jar;C:\Users\stivinson.martinez\.gradle\caches\modules-2\files-2.1\org.glassfish.hk2\hk2\2.5.0-b32\c3accae585955e49c771d464899e906ecc9ffb4\hk2-2.5.0-b32.jar;C:\Users\stivinson.martinez\.gradle\caches\modules-2\files-2.1\org.glassfish.hk2\spring-bridge\2.5.0-b32\f38ecef23edc769942a95c062efd63541044de42\spring-bridge-2.5.0-b32.jar;C:\Users\stivinson.martinez\.gradle\caches\modules-2\files-2.1\org.glassfish.jersey.ext\jersey-entity-filtering\2.25.1\4a5805060f796ec2c9bb1ba0ce91c1db6d889524\jersey-entity-filtering-2.25.1.jar;C:\Users\stivinson.martinez\.gradle\caches\modules-2\files-2.1\com.fasterxml.jackson.jaxrs\jackson-jaxrs-base\2.8.11\b3b174cb9c0b1ba6afdfdd6cd1aec0fb39ad9a94\jackson-jaxrs-base-2.8.11.jar;C:\Users\stivinson.martinez\.gradle\caches\modules-2\files-2.1\com.fasterxml.jackson.jaxrs\jackson-jaxrs-json-provider\2.8.11\79894d1dfcff1bca147fd58f263602a6942a5d24\jackson-jaxrs-json-provider-2.8.11.jar;C:\Users\stivinson.martinez\.gradle\caches\modules-2\files-2.1\com.fasterxml\classmate\1.3.4\3d5f48f10bbe4eb7bd862f10c0583be2e0053c6\classmate-1.3.4.jar;C:\Users\stivinson.martinez\.gradle\caches\modules-2\files-2.1\org.springframework\spring-expression\4.3.18.RELEASE\64f2270bfd9d615c8c3b9d94995867f39391ed30\spring-expression-4.3.18.RELEASE.jar;C:\Users\stivinson.martinez\.gradle\caches\modules-2\files-2.1\net.minidev\json-smart\2.2.1\5b9e5df7a62d1279b70dc882b041d249c4f0b002\json-smart-2.2.1.jar;C:\Users\stivinson.martinez\.gradle\caches\modules-2\files-2.1\org.objenesis\objenesis\2.1\87c0ea803b69252868d09308b4618f766f135a96\objenesis-2.1.jar;C:\Users\stivinson.martinez\.gradle\caches\modules-2\files-2.1\com.vaadin.external.google\android-json\0.0.20131108.vaadin1\fa26d351fe62a6a17f5cda1287c1c6110dec413f\android-json-0.0.20131108.vaadin1.jar;C:\Users\stivinson.martinez\.gradle\caches\modules-2\files-2.1\ch.qos.logback\logback-classic\1.1.11\ccedfbacef4a6515d2983e3f89ed753d5d4fb665\logback-classic-1.1.11.jar;C:\Users\stivinson.martinez\.gradle\caches\modules-2\files-2.1\org.slf4j\jul-to-slf4j\1.7.25\af5364cd6679bfffb114f0dec8a157aaa283b76\jul-to-slf4j-1.7.25.jar;C:\Users\stivinson.martinez\.gradle\caches\modules-2\files-2.1\org.slf4j\log4j-over-slf4j\1.7.25\a87bb47468f47ee7aabbd54f93e133d4215769c3\log4j-over-slf4j-1.7.25.jar;C:\Users\stivinson.martinez\.gradle\caches\modules-2\files-2.1\org.apache.tomcat\tomcat-juli\8.5.31\603fb6e0ddd216b53a803801561661ae9c294ff\tomcat-juli-8.5.31.jar;C:\Users\stivinson.martinez\.gradle\caches\modules-2\files-2.1\org.apache.tomcat\tomcat-annotations-api\8.5.31\f0758d8b5d1404cc25f98945bdd5959699658b4a\tomcat-annotations-api-8.5.31.jar;C:\Users\stivinson.martinez\.gradle\caches\modules-2\files-2.1\org.glassfish.jersey.bundles.repackaged\jersey-guava\2.25.1\a2bb4f8208e134cf2cf71dfb8824e42942f7bd06\jersey-guava-2.25.1.jar;C:\Users\stivinson.martinez\.gradle\caches\modules-2\files-2.1\org.glassfish.hk2\osgi-resource-locator\1.0.1\4ed2b2d4738aed5786cfa64cba5a332779c4c708\osgi-resource-locator-1.0.1.jar;C:\Users\stivinson.martinez\.gradle\caches\modules-2\files-2.1\org.glassfish.hk2\hk2-utils\2.5.0-b32\5108a926988c4ceda7f1e681dddfe3101454a002\hk2-utils-2.5.0-b32.jar;C:\Users\stivinson.martinez\.gradle\caches\modules-2\files-2.1\org.glassfish.hk2.external\aopalliance-repackaged\2.5.0-b32\6af37c3f8ec6f9e9653ec837eb508da28ce443cd\aopalliance-repackaged-2.5.0-b32.jar;C:\Users\stivinson.martinez\.gradle\caches\modules-2\files-2.1\org.glassfish.hk2\config-types\2.5.0-b32\686bbe7f80b1b879d64c06bc6606c97721a795f2\config-types-2.5.0-b32.jar;C:\Users\stivinson.martinez\.gradle\caches\modules-2\files-2.1\org.glassfish.hk2\hk2-core\2.5.0-b32\8cb6a8a9522ec523b7740d29f555bdbe9d936af2\hk2-core-2.5.0-b32.jar;C:\Users\stivinson.martinez\.gradle\caches\modules-2\files-2.1\org.glassfish.hk2\hk2-config\2.5.0-b32\dce05ac4225dbc0c1c382ad02e3b5bee51f0168a\hk2-config-2.5.0-b32.jar;C:\Users\stivinson.martinez\.gradle\caches\modules-2\files-2.1\org.glassfish.hk2\hk2-runlevel\2.5.0-b32\60dc979763ea885e796cba4d3e322af8d500ba74\hk2-runlevel-2.5.0-b32.jar;C:\Users\stivinson.martinez\.gradle\caches\modules-2\files-2.1\org.glassfish.hk2\class-model\2.5.0-b32\17f054f3e91898c0c0fc52163ad904b13c24e8b\class-model-2.5.0-b32.jar;C:\Users\stivinson.martinez\.gradle\caches\modules-2\files-2.1\com.fasterxml.jackson.module\jackson-module-jaxb-annotations\2.8.11\7b52a95f0fed65cb8526d6aa2be090502226c449\jackson-module-jaxb-annotations-2.8.11.jar;C:\Users\stivinson.martinez\.gradle\caches\modules-2\files-2.1\net.minidev\accessors-smart\1.1\a527213f2fea112a04c9bdf0ec0264e34104cd08\accessors-smart-1.1.jar;C:\Users\stivinson.martinez\.gradle\caches\modules-2\files-2.1\ch.qos.logback\logback-core\1.1.11\88b8df40340eed549fb07e2613879bf6b006704d\logback-core-1.1.11.jar;C:\Users\stivinson.martinez\.gradle\caches\modules-2\files-2.1\org.glassfish.hk2.external\asm-all-repackaged\2.5.0-b32\dc705f1d54cd5a96cbc5a473525e75ef1cb59a9e\asm-all-repackaged-2.5.0-b32.jar;C:\Users\stivinson.martinez\.gradle\caches\modules-2\files-2.1\org.ow2.asm\asm\5.0.3\dcc2193db20e19e1feca8b1240dbbc4e190824fa\asm-5.0.3.jar, user.name=stivinson.martinez, java.vm.specification.version=1.8, sun.java.command=worker.org.gradle.process.internal.worker.GradleWorkerMain 'Gradle Test Executor 1', java.home=C:\Program Files\Java\jdk1.8.0_171\jre, sun.arch.data.model=64, user.language=en, java.specification.vendor=Oracle Corporation, awt.toolkit=sun.awt.windows.WToolkit, java.vm.info=mixed mode, java.version=1.8.0_171, java.ext.dirs=C:\Program Files\Java\jdk1.8.0_171\jre\lib\ext;C:\Windows\Sun\Java\lib\ext, sun.boot.class.path=C:\Program Files\Java\jdk1.8.0_171\jre\lib\resources.jar;C:\Program Files\Java\jdk1.8.0_171\jre\lib\rt.jar;C:\Program Files\Java\jdk1.8.0_171\jre\lib\sunrsasign.jar;C:\Program Files\Java\jdk1.8.0_171\jre\lib\jsse.jar;C:\Program Files\Java\jdk1.8.0_171\jre\lib\jce.jar;C:\Program Files\Java\jdk1.8.0_171\jre\lib\charsets.jar;C:\Program Files\Java\jdk1.8.0_171\jre\lib\jfr.jar;C:\Program Files\Java\jdk1.8.0_171\jre\classes, java.vendor=Oracle Corporation, org.gradle.test.worker=1, file.separator=\, java.vendor.url.bug=http://bugreport.sun.com/bugreport/, sun.io.unicode.encoding=UnicodeLittle, sun.cpu.endian=little, sun.desktop=windows, sun.cpu.isalist=amd64}}, SystemEnvironmentPropertySource@763008347 {name='systemEnvironment', properties={USERDOMAIN_ROAMINGPROFILE=CEIBA, LOCALAPPDATA=C:\Users\stivinson.martinez\AppData\Local, PROCESSOR_LEVEL=6, USERDOMAIN=CEIBA, LOGONSERVER=\\CRONOS, JAVA_HOME=C:\Program Files\Java\jdk1.8.0_171, SESSIONNAME=Console, ALLUSERSPROFILE=C:\ProgramData, PROCESSOR_ARCHITECTURE=AMD64, PSModulePath=C:\Program Files\WindowsPowerShell\Modules;C:\Windows\system32\WindowsPowerShell\v1.0\Modules, SystemDrive=C:, OneDrive=C:\Users\stivinson.martinez\OneDrive, APPDATA=C:\Users\stivinson.martinez\AppData\Roaming, USERNAME=stivinson.martinez, USERDNSDOMAIN=CEIBA.LOCAL, ProgramFiles(x86)=C:\Program Files (x86), CommonProgramFiles=C:\Program Files\Common Files, Path=C:/Program Files/Java/jre1.8.0_171/bin/server;C:/Program Files/Java/jre1.8.0_171/bin;C:/Program Files/Java/jre1.8.0_171/lib/amd64;C:\Program Files (x86)\Common Files\Oracle\Java\javapath;C:\Oracle\product\11.1.0\client_1\bin;C:\Program Files\CollabNet\Subversion Client;C:\Windows\system32;C:\Windows;C:\Windows\System32\Wbem;C:\Windows\System32\WindowsPowerShell\v1.0\;C:\Windows\System32\OpenSSH\;C:\Program Files\TortoiseSVN\bin;C:\Program Files\Java\jdk1.8.0_171\bin;C:\Program Files\Git\cmd;C:\Gradle\gradle-4.8.1\bin;C:\Program Files\nodejs\;C:\Users\stivinson.martinez\AppData\Local\Microsoft\WindowsApps;C:\Users\stivinson.martinez\AppData\Roaming\npm;C:\Users\stivinson.martinez\AppData\Local\atom\bin;C:\Users\stivinson.martinez\Desktop;, PATHEXT=.COM;.EXE;.BAT;.CMD;.VBS;.VBE;.JS;.JSE;.WSF;.WSH;.MSC, DriverData=C:\Windows\System32\Drivers\DriverData, OS=Windows_NT, COMPUTERNAME=STIVINSON-MARTI, PROCESSOR_REVISION=3c03, CommonProgramW6432=C:\Program Files\Common Files, ComSpec=C:\Windows\system32\cmd.exe, ProgramData=C:\ProgramData, ProgramW6432=C:\Program Files, HOMEPATH=\Users\stivinson.martinez, SystemRoot=C:\Windows, TEMP=C:\Users\STIVIN~1.MAR\AppData\Local\Temp, HOMEDRIVE=C:, PROCESSOR_IDENTIFIER=Intel64 Family 6 Model 60 Stepping 3, GenuineIntel, USERPROFILE=C:\Users\stivinson.martinez, TMP=C:\Users\STIVIN~1.MAR\AppData\Local\Temp, CommonProgramFiles(x86)=C:\Program Files (x86)\Common Files, ProgramFiles=C:\Program Files, PUBLIC=C:\Users\Public, NUMBER_OF_PROCESSORS=4, windir=C:\Windows, =::=::\}}]
15:40:55.635 [Test worker] DEBUG org.springframework.core.io.support.PathMatchingResourcePatternResolver - Resolved classpath location [com/ceiba/parqueadero/] to resources [URL [file:/C:/Users/stivinson.martinez/Documents/parqueadero/build/classes/test/com/ceiba/parqueadero/], URL [file:/C:/Users/stivinson.martinez/Documents/parqueadero/build/classes/main/com/ceiba/parqueadero/]]
15:40:55.636 [Test worker] DEBUG org.springframework.core.io.support.PathMatchingResourcePatternResolver - Looking for matching resources in directory tree [C:\Users\stivinson.martinez\Documents\parqueadero\build\classes\test\com\ceiba\parqueadero]
15:40:55.637 [Test worker] DEBUG org.springframework.core.io.support.PathMatchingResourcePatternResolver - Searching directory [C:\Users\stivinson.martinez\Documents\parqueadero\build\classes\test\com\ceiba\parqueadero] for files matching pattern [C:/Users/stivinson.martinez/Documents/parqueadero/build/classes/test/com/ceiba/parqueadero/*.class]
15:40:55.643 [Test worker] DEBUG org.springframework.core.io.support.PathMatchingResourcePatternResolver - Looking for matching resources in directory tree [C:\Users\stivinson.martinez\Documents\parqueadero\build\classes\main\com\ceiba\parqueadero]
15:40:55.643 [Test worker] DEBUG org.springframework.core.io.support.PathMatchingResourcePatternResolver - Searching directory [C:\Users\stivinson.martinez\Documents\parqueadero\build\classes\main\com\ceiba\parqueadero] for files matching pattern [C:/Users/stivinson.martinez/Documents/parqueadero/build/classes/main/com/ceiba/parqueadero/*.class]
15:40:55.645 [Test worker] DEBUG org.springframework.core.io.support.PathMatchingResourcePatternResolver - Resolved location pattern [classpath*:com/ceiba/parqueadero/*.class] to resources [file [C:\Users\stivinson.martinez\Documents\parqueadero\build\classes\test\com\ceiba\parqueadero\CalculadoraTests.class], file [C:\Users\stivinson.martinez\Documents\parqueadero\build\classes\test\com\ceiba\parqueadero\ParqueaderoApplicationTests.class], file [C:\Users\stivinson.martinez\Documents\parqueadero\build\classes\test\com\ceiba\parqueadero\ValidacionTests.class], file [C:\Users\stivinson.martinez\Documents\parqueadero\build\classes\main\com\ceiba\parqueadero\ParqueaderoApplication.class]]
15:40:55.743 [Test worker] DEBUG org.springframework.context.annotation.ClassPathScanningCandidateComponentProvider - Identified candidate component class: file [C:\Users\stivinson.martinez\Documents\parqueadero\build\classes\main\com\ceiba\parqueadero\ParqueaderoApplication.class]
15:40:55.745 [Test worker] INFO org.springframework.boot.test.context.SpringBootTestContextBootstrapper - Found @SpringBootConfiguration com.ceiba.parqueadero.ParqueaderoApplication for test class com.ceiba.parqueadero.CalculadoraTests
15:40:55.753 [Test worker] DEBUG org.springframework.boot.test.context.SpringBootTestContextBootstrapper - @TestExecutionListeners is not present for class [com.ceiba.parqueadero.CalculadoraTests]: using defaults.
15:40:55.759 [Test worker] INFO org.springframework.boot.test.context.SpringBootTestContextBootstrapper - Loaded default TestExecutionListener class names from location [META-INF/spring.factories]: [org.springframework.boot.test.mock.mockito.MockitoTestExecutionListener, org.springframework.boot.test.mock.mockito.ResetMocksTestExecutionListener, org.springframework.boot.test.autoconfigure.restdocs.RestDocsTestExecutionListener, org.springframework.boot.test.autoconfigure.web.client.MockRestServiceServerResetTestExecutionListener, org.springframework.boot.test.autoconfigure.web.servlet.MockMvcPrintOnlyOnFailureTestExecutionListener, org.springframework.boot.test.autoconfigure.web.servlet.WebDriverTestExecutionListener, org.springframework.test.context.web.ServletTestExecutionListener, org.springframework.test.context.support.DirtiesContextBeforeModesTestExecutionListener, org.springframework.test.context.support.DependencyInjectionTestExecutionListener, org.springframework.test.context.support.DirtiesContextTestExecutionListener, org.springframework.test.context.transaction.TransactionalTestExecutionListener, org.springframework.test.context.jdbc.SqlScriptsTestExecutionListener]
15:40:55.808 [Test worker] INFO org.springframework.boot.test.context.SpringBootTestContextBootstrapper - Using TestExecutionListeners: [org.springframework.test.context.web.ServletTestExecutionListener@bb766ee, org.springframework.test.context.support.DirtiesContextBeforeModesTestExecutionListener@31d1b4b6, org.springframework.boot.test.mock.mockito.MockitoTestExecutionListener@53d57220, org.springframework.boot.test.autoconfigure.SpringBootDependencyInjectionTestExecutionListener@65af2dc1, org.springframework.test.context.support.DirtiesContextTestExecutionListener@559fb78c, org.springframework.test.context.transaction.TransactionalTestExecutionListener@69d7dd8d, org.springframework.test.context.jdbc.SqlScriptsTestExecutionListener@116bf6e5, org.springframework.boot.test.mock.mockito.ResetMocksTestExecutionListener@db6102c, org.springframework.boot.test.autoconfigure.restdocs.RestDocsTestExecutionListener@25bde5c1, org.springframework.boot.test.autoconfigure.web.client.MockRestServiceServerResetTestExecutionListener@72d16f4e, org.springframework.boot.test.autoconfigure.web.servlet.MockMvcPrintOnlyOnFailureTestExecutionListener@3c43632f, org.springframework.boot.test.autoconfigure.web.servlet.WebDriverTestExecutionListener@1c923fb]
15:40:55.813 [Test worker] DEBUG org.springframework.test.annotation.ProfileValueUtils - Retrieved @ProfileValueSourceConfiguration [null] for test class [com.ceiba.parqueadero.CalculadoraTests]
15:40:55.814 [Test worker] DEBUG org.springframework.test.annotation.ProfileValueUtils - Retrieved ProfileValueSource type [class org.springframework.test.annotation.SystemProfileValueSource] for class [com.ceiba.parqueadero.CalculadoraTests]
15:40:55.816 [Test worker] DEBUG org.springframework.test.annotation.ProfileValueUtils - Retrieved @ProfileValueSourceConfiguration [null] for test class [com.ceiba.parqueadero.CalculadoraTests]
15:40:55.816 [Test worker] DEBUG org.springframework.test.annotation.ProfileValueUtils - Retrieved ProfileValueSource type [class org.springframework.test.annotation.SystemProfileValueSource] for class [com.ceiba.parqueadero.CalculadoraTests]
15:40:55.823 [Test worker] DEBUG org.springframework.test.context.support.AbstractDirtiesContextTestExecutionListener - Before test class: context [DefaultTestContext@2d1486d5 testClass = CalculadoraTests, testInstance = [null], testMethod = [null], testException = [null], mergedContextConfiguration = [WebMergedContextConfiguration@14898745 testClass = CalculadoraTests, locations = '{}', classes = '{class com.ceiba.parqueadero.ParqueaderoApplication}', contextInitializerClasses = '[]', activeProfiles = '{}', propertySourceLocations = '{}', propertySourceProperties = '{org.springframework.boot.test.context.SpringBootTestContextBootstrapper=true}', contextCustomizers = set[org.springframework.boot.test.context.SpringBootTestContextCustomizer@22332ca3, org.springframework.boot.test.context.filter.ExcludeFilterContextCustomizer@7230ba37, org.springframework.boot.test.json.DuplicateJsonObjectContextCustomizerFactory$DuplicateJsonObjectContextCustomizer@9c584af, org.springframework.boot.test.mock.mockito.MockitoContextCustomizer@0, org.springframework.boot.test.autoconfigure.properties.PropertyMappingContextCustomizer@0, org.springframework.boot.test.autoconfigure.web.servlet.WebDriverContextCustomizerFactory$Customizer@556defd6], resourceBasePath = 'src/main/webapp', contextLoader = 'org.springframework.boot.test.context.SpringBootContextLoader', parent = [null]]], class annotated with @DirtiesContext [false] with mode [null].
15:40:55.825 [Test worker] DEBUG org.springframework.test.annotation.ProfileValueUtils - Retrieved @ProfileValueSourceConfiguration [null] for test class [com.ceiba.parqueadero.CalculadoraTests]
15:40:55.825 [Test worker] DEBUG org.springframework.test.annotation.ProfileValueUtils - Retrieved ProfileValueSource type [class org.springframework.test.annotation.SystemProfileValueSource] for class [com.ceiba.parqueadero.CalculadoraTests]
15:40:55.925 [Test worker] DEBUG org.springframework.core.env.StandardEnvironment - Adding PropertySource 'systemProperties' with lowest search precedence
15:40:55.925 [Test worker] DEBUG org.springframework.core.env.StandardEnvironment - Adding PropertySource 'systemEnvironment' with lowest search precedence
15:40:55.926 [Test worker] DEBUG org.springframework.core.env.StandardEnvironment - Initialized StandardEnvironment with PropertySources [MapPropertySource@779007380 {name='systemProperties', properties={java.runtime.name=Java(TM) SE Runtime Environment, sun.boot.library.path=C:\Program Files\Java\jdk1.8.0_171\jre\bin, java.vm.version=25.171-b11, java.vm.vendor=Oracle Corporation, java.vendor.url=http://java.oracle.com/, path.separator=;, java.vm.name=Java HotSpot(TM) 64-Bit Server VM, file.encoding.pkg=sun.io, user.script=, sun.java.launcher=SUN_STANDARD, user.country=US, sun.os.patch.level=, java.vm.specification.name=Java Virtual Machine Specification, user.dir=C:\Users\stivinson.martinez\Documents\parqueadero, java.runtime.version=1.8.0_171-b11, java.awt.graphicsenv=sun.awt.Win32GraphicsEnvironment, java.endorsed.dirs=C:\Program Files\Java\jdk1.8.0_171\jre\lib\endorsed, os.arch=amd64, java.io.tmpdir=C:\Users\STIVIN~1.MAR\AppData\Local\Temp\, line.separator=
, java.vm.specification.vendor=Oracle Corporation, user.variant=, os.name=Windows 10, sun.jnu.encoding=Cp1252, java.library.path=C:\Program Files\Java\jdk1.8.0_171\bin;C:\Windows\Sun\Java\bin;C:\Windows\system32;C:\Windows;C:/Program Files/Java/jre1.8.0_171/bin/server;C:/Program Files/Java/jre1.8.0_171/bin;C:/Program Files/Java/jre1.8.0_171/lib/amd64;C:\Program Files (x86)\Common Files\Oracle\Java\javapath;C:\Oracle\product\11.1.0\client_1\bin;C:\Program Files\CollabNet\Subversion Client;C:\Windows\system32;C:\Windows;C:\Windows\System32\Wbem;C:\Windows\System32\WindowsPowerShell\v1.0\;C:\Windows\System32\OpenSSH\;C:\Program Files\TortoiseSVN\bin;C:\Program Files\Java\jdk1.8.0_171\bin;C:\Program Files\Git\cmd;C:\Gradle\gradle-4.8.1\bin;C:\Program Files\nodejs\;C:\Users\stivinson.martinez\AppData\Local\Microsoft\WindowsApps;C:\Users\stivinson.martinez\AppData\Roaming\npm;C:\Users\stivinson.martinez\AppData\Local\atom\bin;C:\Users\stivinson.martinez\Desktop;;., java.specification.name=Java Platform API Specification, java.class.version=52.0, sun.management.compiler=HotSpot 64-Bit Tiered Compilers, os.version=10.0, user.home=C:\Users\stivinson.martinez, user.timezone=America/Bogota, java.awt.printerjob=sun.awt.windows.WPrinterJob, file.encoding=windows-1252, java.specification.version=1.8, java.class.path=C:\Users\stivinson.martinez\Documents\parqueadero\build\classes\test;C:\Users\stivinson.martinez\Documents\parqueadero\build\resources\test;C:\Users\stivinson.martinez\Documents\parqueadero\build\classes\main;C:\Users\stivinson.martinez\Documents\parqueadero\build\resources\main;C:\Users\stivinson.martinez\.gradle\caches\modules-2\files-2.1\org.springframework.boot\spring-boot-starter-actuator\1.5.14.RELEASE\b25f52cc7db0bbe03c69a8a7efb2bbb6183c0796\spring-boot-starter-actuator-1.5.14.RELEASE.jar;C:\Users\stivinson.martinez\.gradle\caches\modules-2\files-2.1\org.springframework.boot\spring-boot-starter-data-jpa\1.5.14.RELEASE\d259292ee2d8ad78b5aa95a9c7e60280cd0503a3\spring-boot-starter-data-jpa-1.5.14.RELEASE.jar;C:\Users\stivinson.martinez\.gradle\caches\modules-2\files-2.1\org.springframework.boot\spring-boot-starter-jersey\1.5.14.RELEASE\365e253816807bb3a890bc41e195a4afb022b4aa\spring-boot-starter-jersey-1.5.14.RELEASE.jar;C:\Users\stivinson.martinez\.gradle\caches\modules-2\files-2.1\org.springframework.boot\spring-boot-starter-web\1.5.14.RELEASE\ec32935a77eef7d87fc006af65064e3f9270796\spring-boot-starter-web-1.5.14.RELEASE.jar;C:\Users\stivinson.martinez\.gradle\caches\modules-2\files-2.1\com.h2database\h2\1.4.197\bb391050048ca8ae3e32451b5a3714ecd3596a46\h2-1.4.197.jar;C:\Users\stivinson.martinez\.gradle\caches\modules-2\files-2.1\mysql\mysql-connector-java\5.1.46\9a3e63b387e376364211e96827bc27db8d7a92e9\mysql-connector-java-5.1.46.jar;C:\Users\stivinson.martinez\.gradle\caches\modules-2\files-2.1\org.springframework.boot\spring-boot-starter-test\1.5.14.RELEASE\52196e5194feeb54d302752246a1b3e205eef237\spring-boot-starter-test-1.5.14.RELEASE.jar;C:\Users\stivinson.martinez\.gradle\caches\modules-2\files-2.1\org.springframework.boot\spring-boot-starter\1.5.14.RELEASE\f890a2d65f01f8c63bf5a4472a2b28986a5aeb43\spring-boot-starter-1.5.14.RELEASE.jar;C:\Users\stivinson.martinez\.gradle\caches\modules-2\files-2.1\org.springframework.boot\spring-boot-actuator\1.5.14.RELEASE\69e9bdb92fc555497a4d388e22d07549e09a2543\spring-boot-actuator-1.5.14.RELEASE.jar;C:\Users\stivinson.martinez\.gradle\caches\modules-2\files-2.1\org.springframework.boot\spring-boot-starter-aop\1.5.14.RELEASE\356db50e4875cdc706e4f298761bd864edcae400\spring-boot-starter-aop-1.5.14.RELEASE.jar;C:\Users\stivinson.martinez\.gradle\caches\modules-2\files-2.1\org.springframework.boot\spring-boot-starter-jdbc\1.5.14.RELEASE\dfe6414810f74dbfddc8f0dd1507e33bcdd9594\spring-boot-starter-jdbc-1.5.14.RELEASE.jar;C:\Users\stivinson.martinez\.gradle\caches\modules-2\files-2.1\org.hibernate\hibernate-core\5.0.12.Final\e58bf1c660e6706d8e2cbb53bae110f574366102\hibernate-core-5.0.12.Final.jar;C:\Users\stivinson.martinez\.gradle\caches\modules-2\files-2.1\org.hibernate\hibernate-entitymanager\5.0.12.Final\302a526f5058290e9cbd719a5caf9f248d344719\hibernate-entitymanager-5.0.12.Final.jar;C:\Users\stivinson.martinez\.gradle\caches\modules-2\files-2.1\javax.transaction\javax.transaction-api\1.2\d81aff979d603edd90dcd8db2abc1f4ce6479e3e\javax.transaction-api-1.2.jar;C:\Users\stivinson.martinez\.gradle\caches\modules-2\files-2.1\org.springframework.data\spring-data-jpa\1.11.13.RELEASE\71fa865eb8446dc29d9a4765432f7728fe9a88be\spring-data-jpa-1.11.13.RELEASE.jar;C:\Users\stivinson.martinez\.gradle\caches\modules-2\files-2.1\org.springframework\spring-aspects\4.3.18.RELEASE\d7ff868830a15461ff749bea6860590f41777425\spring-aspects-4.3.18.RELEASE.jar;C:\Users\stivinson.martinez\.gradle\caches\modules-2\files-2.1\org.springframework.boot\spring-boot-starter-tomcat\1.5.14.RELEASE\ec97b1bdac6feee248116a79c537023894950e4c\spring-boot-starter-tomcat-1.5.14.RELEASE.jar;C:\Users\stivinson.martinez\.gradle\caches\modules-2\files-2.1\org.springframework.boot\spring-boot-starter-validation\1.5.14.RELEASE\d74acc3282b3cbc4c5fb965a5b4db1e2cd4d283c\spring-boot-starter-validation-1.5.14.RELEASE.jar;C:\Users\stivinson.martinez\.gradle\caches\modules-2\files-2.1\com.fasterxml.jackson.core\jackson-databind\2.8.11.2\2c5051e8e84d2c16316b758ebf746f9e90bef5a4\jackson-databind-2.8.11.2.jar;C:\Users\stivinson.martinez\.gradle\caches\modules-2\files-2.1\org.springframework\spring-web\4.3.18.RELEASE\e41042a70a7d80da52261c1dfc569c7518b70dce\spring-web-4.3.18.RELEASE.jar;C:\Users\stivinson.martinez\.gradle\caches\modules-2\files-2.1\org.glassfish.jersey.core\jersey-server\2.25.1\276e2ee0fd1cdabf99357fce560c5baab675b1a2\jersey-server-2.25.1.jar;C:\Users\stivinson.martinez\.gradle\caches\modules-2\files-2.1\org.glassfish.jersey.containers\jersey-container-servlet-core\2.25.1\400e30bb035a0cdf3c554530224141ce659a0d1e\jersey-container-servlet-core-2.25.1.jar;C:\Users\stivinson.martinez\.gradle\caches\modules-2\files-2.1\org.glassfish.jersey.containers\jersey-container-servlet\2.25.1\cf5f7a76fcea38158b890ab7a0142d4db709a882\jersey-container-servlet-2.25.1.jar;C:\Users\stivinson.martinez\.gradle\caches\modules-2\files-2.1\org.glassfish.jersey.ext\jersey-bean-validation\2.25.1\1971927d79cad0ad2b5a3bfda24967748a2023d\jersey-bean-validation-2.25.1.jar;C:\Users\stivinson.martinez\.gradle\caches\modules-2\files-2.1\org.glassfish.jersey.ext\jersey-spring3\2.25.1\a31bfcd2fcae5beb979d3f41079b6f4020d6fbc9\jersey-spring3-2.25.1.jar;C:\Users\stivinson.martinez\.gradle\caches\modules-2\files-2.1\org.glassfish.jersey.media\jersey-media-json-jackson\2.25.1\19d1e4276eb7b6386640c344d9e5c01eba7eae5d\jersey-media-json-jackson-2.25.1.jar;C:\Users\stivinson.martinez\.gradle\caches\modules-2\files-2.1\org.hibernate\hibernate-validator\5.3.6.Final\4c730be8bf55a8e9a61e79a2f2c079abf48b718\hibernate-validator-5.3.6.Final.jar;C:\Users\stivinson.martinez\.gradle\caches\modules-2\files-2.1\org.springframework\spring-webmvc\4.3.18.RELEASE\67ad7f59830df97ab73f8c7ab53ea33ae7dcb68\spring-webmvc-4.3.18.RELEASE.jar;C:\Users\stivinson.martinez\.gradle\caches\modules-2\files-2.1\org.springframework.boot\spring-boot-test\1.5.14.RELEASE\4af443ced531a37da4a67274dac2a3464b8f74a1\spring-boot-test-1.5.14.RELEASE.jar;C:\Users\stivinson.martinez\.gradle\caches\modules-2\files-2.1\org.springframework.boot\spring-boot-test-autoconfigure\1.5.14.RELEASE\ad132e99413ffcf2ef3ac43f6f5dfff34e8d0c06\spring-boot-test-autoconfigure-1.5.14.RELEASE.jar;C:\Users\stivinson.martinez\.gradle\caches\modules-2\files-2.1\com.jayway.jsonpath\json-path\2.2.0\22290d17944bd239fabf5ac69005a60a7ecbbbcb\json-path-2.2.0.jar;C:\Users\stivinson.martinez\.gradle\caches\modules-2\files-2.1\junit\junit\4.12\2973d150c0dc1fefe998f834810d68f278ea58ec\junit-4.12.jar;C:\Users\stivinson.martinez\.gradle\caches\modules-2\files-2.1\org.assertj\assertj-core\2.6.0\b532c3fc4f66bcfee4989a3514f1cd56203a33ad\assertj-core-2.6.0.jar;C:\Users\stivinson.martinez\.gradle\caches\modules-2\files-2.1\org.mockito\mockito-core\1.10.19\e8546f5bef4e061d8dd73895b4e8f40e3fe6effe\mockito-core-1.10.19.jar;C:\Users\stivinson.martinez\.gradle\caches\modules-2\files-2.1\org.hamcrest\hamcrest-core\1.3\42a25dc3219429f0e5d060061f71acb49bf010a0\hamcrest-core-1.3.jar;C:\Users\stivinson.martinez\.gradle\caches\modules-2\files-2.1\org.hamcrest\hamcrest-library\1.3\4785a3c21320980282f9f33d0d1264a69040538f\hamcrest-library-1.3.jar;C:\Users\stivinson.martinez\.gradle\caches\modules-2\files-2.1\org.skyscreamer\jsonassert\1.4.0\9cdbb373a06f6513e51e8c545ee6a5e981463edb\jsonassert-1.4.0.jar;C:\Users\stivinson.martinez\.gradle\caches\modules-2\files-2.1\org.springframework\spring-core\4.3.18.RELEASE\4acbce682c3dfe38181d57b7e0792e2cc21e4f77\spring-core-4.3.18.RELEASE.jar;C:\Users\stivinson.martinez\.gradle\caches\modules-2\files-2.1\org.springframework\spring-test\4.3.18.RELEASE\1995997f20dcb66d44c252bb6d1a06eff00b465e\spring-test-4.3.18.RELEASE.jar;C:\Users\stivinson.martinez\.gradle\caches\modules-2\files-2.1\org.springframework.boot\spring-boot\1.5.14.RELEASE\af490756d8a0d3c0dcfb5372f4586afce6b3c960\spring-boot-1.5.14.RELEASE.jar;C:\Users\stivinson.martinez\.gradle\caches\modules-2\files-2.1\org.springframework.boot\spring-boot-autoconfigure\1.5.14.RELEASE\a33f2ce0b5c4a41d61aa5fa1817d0055dea7150e\spring-boot-autoconfigure-1.5.14.RELEASE.jar;C:\Users\stivinson.martinez\.gradle\caches\modules-2\files-2.1\org.springframework.boot\spring-boot-starter-logging\1.5.14.RELEASE\970e7424050d1d1179640ec53b24953fa29fdcbd\spring-boot-starter-logging-1.5.14.RELEASE.jar;C:\Users\stivinson.martinez\.gradle\caches\modules-2\files-2.1\org.yaml\snakeyaml\1.17\7a27ea250c5130b2922b86dea63cbb1cc10a660c\snakeyaml-1.17.jar;C:\Users\stivinson.martinez\.gradle\caches\modules-2\files-2.1\org.springframework\spring-context\4.3.18.RELEASE\d302953b509e6d380856e245bf80c29770c08c98\spring-context-4.3.18.RELEASE.jar;C:\Users\stivinson.martinez\.gradle\caches\modules-2\files-2.1\org.springframework\spring-aop\4.3.18.RELEASE\dd930265a504563d76de79864ae3196f6e9035e0\spring-aop-4.3.18.RELEASE.jar;C:\Users\stivinson.martinez\.gradle\caches\modules-2\files-2.1\org.aspectj\aspectjweaver\1.8.13\ad94df2a28d658a40dc27bbaff6a1ce5fbf04e9b\aspectjweaver-1.8.13.jar;C:\Users\stivinson.martinez\.gradle\caches\modules-2\files-2.1\org.apache.tomcat\tomcat-jdbc\8.5.31\7caa97fbe2765d3ed89adc036b852cc46456e415\tomcat-jdbc-8.5.31.jar;C:\Users\stivinson.martinez\.gradle\caches\modules-2\files-2.1\org.springframework\spring-jdbc\4.3.18.RELEASE\816bc40759cd07ec50b86b1472aa021813387114\spring-jdbc-4.3.18.RELEASE.jar;C:\Users\stivinson.martinez\.gradle\caches\modules-2\files-2.1\org.jboss.logging\jboss-logging\3.3.2.Final\3789d00e859632e6c6206adc0c71625559e6e3b0\jboss-logging-3.3.2.Final.jar;C:\Users\stivinson.martinez\.gradle\caches\modules-2\files-2.1\org.hibernate.javax.persistence\hibernate-jpa-2.1-api\1.0.0.Final\5e731d961297e5a07290bfaf3db1fbc8bbbf405a\hibernate-jpa-2.1-api-1.0.0.Final.jar;C:\Users\stivinson.martinez\.gradle\caches\modules-2\files-2.1\org.javassist\javassist\3.21.0-GA\598244f595db5c5fb713731eddbb1c91a58d959b\javassist-3.21.0-GA.jar;C:\Users\stivinson.martinez\.gradle\caches\modules-2\files-2.1\antlr\antlr\2.7.7\83cd2cd674a217ade95a4bb83a8a14f351f48bd0\antlr-2.7.7.jar;C:\Users\stivinson.martinez\.gradle\caches\modules-2\files-2.1\org.jboss\jandex\2.0.0.Final\3e899258936f94649c777193e1be846387ed54b3\jandex-2.0.0.Final.jar;C:\Users\stivinson.martinez\.gradle\caches\modules-2\files-2.1\dom4j\dom4j\1.6.1\5d3ccc056b6f056dbf0dddfdf43894b9065a8f94\dom4j-1.6.1.jar;C:\Users\stivinson.martinez\.gradle\caches\modules-2\files-2.1\org.hibernate.common\hibernate-commons-annotations\5.0.1.Final\71e1cff3fcb20d3b3af4f3363c3ddb24d33c6879\hibernate-commons-annotations-5.0.1.Final.jar;C:\Users\stivinson.martinez\.gradle\caches\modules-2\files-2.1\org.springframework.data\spring-data-commons\1.13.13.RELEASE\9f51e01185ef86a433a3b490b3b15bd903a26199\spring-data-commons-1.13.13.RELEASE.jar;C:\Users\stivinson.martinez\.gradle\caches\modules-2\files-2.1\org.springframework\spring-orm\4.3.18.RELEASE\f5f7cef67e9729f0f96a89441ae24980c7339da8\spring-orm-4.3.18.RELEASE.jar;C:\Users\stivinson.martinez\.gradle\caches\modules-2\files-2.1\org.springframework\spring-tx\4.3.18.RELEASE\b6b7938f7d8ba412b6663a8b950592557c2d996e\spring-tx-4.3.18.RELEASE.jar;C:\Users\stivinson.martinez\.gradle\caches\modules-2\files-2.1\org.springframework\spring-beans\4.3.18.RELEASE\27460686b16b3ffee60bb3365cd56bba6ed860ff\spring-beans-4.3.18.RELEASE.jar;C:\Users\stivinson.martinez\.gradle\caches\modules-2\files-2.1\org.slf4j\slf4j-api\1.7.25\da76ca59f6a57ee3102f8f9bd9cee742973efa8a\slf4j-api-1.7.25.jar;C:\Users\stivinson.martinez\.gradle\caches\modules-2\files-2.1\org.slf4j\jcl-over-slf4j\1.7.25\f8c32b13ff142a513eeb5b6330b1588dcb2c0461\jcl-over-slf4j-1.7.25.jar;C:\Users\stivinson.martinez\.gradle\caches\modules-2\files-2.1\org.apache.tomcat.embed\tomcat-embed-core\8.5.31\f5adf7ed8c34aa005b22b6a2dc7b6796e10e9c79\tomcat-embed-core-8.5.31.jar;C:\Users\stivinson.martinez\.gradle\caches\modules-2\files-2.1\org.apache.tomcat.embed\tomcat-embed-el\8.5.31\3a536e1ac71b82627c3a7408eb38fa0704cb9034\tomcat-embed-el-8.5.31.jar;C:\Users\stivinson.martinez\.gradle\caches\modules-2\files-2.1\org.apache.tomcat.embed\tomcat-embed-websocket\8.5.31\6564e716b89de5eaa0dd234ae7989576503ddf3\tomcat-embed-websocket-8.5.31.jar;C:\Users\stivinson.martinez\.gradle\caches\modules-2\files-2.1\com.fasterxml.jackson.core\jackson-annotations\2.8.0\45b426f7796b741035581a176744d91090e2e6fb\jackson-annotations-2.8.0.jar;C:\Users\stivinson.martinez\.gradle\caches\modules-2\files-2.1\com.fasterxml.jackson.core\jackson-core\2.8.11\876ead1db19f0c9e79c9789273a3ef8c6fd6c29b\jackson-core-2.8.11.jar;C:\Users\stivinson.martinez\.gradle\caches\modules-2\files-2.1\org.glassfish.jersey.core\jersey-common\2.25.1\2438ce68d4907046095ab54aa83a6092951b4bbb\jersey-common-2.25.1.jar;C:\Users\stivinson.martinez\.gradle\caches\modules-2\files-2.1\org.glassfish.jersey.core\jersey-client\2.25.1\4d563b1f93352ee9fad597e9e1daf2c6159993c6\jersey-client-2.25.1.jar;C:\Users\stivinson.martinez\.gradle\caches\modules-2\files-2.1\javax.ws.rs\javax.ws.rs-api\2.0.1\104e9c2b5583cfcfeac0402316221648d6d8ea6b\javax.ws.rs-api-2.0.1.jar;C:\Users\stivinson.martinez\.gradle\caches\modules-2\files-2.1\org.glassfish.jersey.media\jersey-media-jaxb\2.25.1\d7da0beeed5614a3bfd882662faec602699e24b\jersey-media-jaxb-2.25.1.jar;C:\Users\stivinson.martinez\.gradle\caches\modules-2\files-2.1\javax.annotation\javax.annotation-api\1.2\479c1e06db31c432330183f5cae684163f186146\javax.annotation-api-1.2.jar;C:\Users\stivinson.martinez\.gradle\caches\modules-2\files-2.1\org.glassfish.hk2\hk2-api\2.5.0-b32\6a576c9653832ce610b80a2f389374ef19d96171\hk2-api-2.5.0-b32.jar;C:\Users\stivinson.martinez\.gradle\caches\modules-2\files-2.1\org.glassfish.hk2.external\javax.inject\2.5.0-b32\b2fa50c8186a38728c35fe6a9da57ce4cc806923\javax.inject-2.5.0-b32.jar;C:\Users\stivinson.martinez\.gradle\caches\modules-2\files-2.1\org.glassfish.hk2\hk2-locator\2.5.0-b32\195474f8ad0a8d130e9ea949a771bcf1215fc33b\hk2-locator-2.5.0-b32.jar;C:\Users\stivinson.martinez\.gradle\caches\modules-2\files-2.1\javax.validation\validation-api\1.1.0.Final\8613ae82954779d518631e05daa73a6a954817d5\validation-api-1.1.0.Final.jar;C:\Users\stivinson.martinez\.gradle\caches\modules-2\files-2.1\org.glassfish.hk2\hk2\2.5.0-b32\c3accae585955e49c771d464899e906ecc9ffb4\hk2-2.5.0-b32.jar;C:\Users\stivinson.martinez\.gradle\caches\modules-2\files-2.1\org.glassfish.hk2\spring-bridge\2.5.0-b32\f38ecef23edc769942a95c062efd63541044de42\spring-bridge-2.5.0-b32.jar;C:\Users\stivinson.martinez\.gradle\caches\modules-2\files-2.1\org.glassfish.jersey.ext\jersey-entity-filtering\2.25.1\4a5805060f796ec2c9bb1ba0ce91c1db6d889524\jersey-entity-filtering-2.25.1.jar;C:\Users\stivinson.martinez\.gradle\caches\modules-2\files-2.1\com.fasterxml.jackson.jaxrs\jackson-jaxrs-base\2.8.11\b3b174cb9c0b1ba6afdfdd6cd1aec0fb39ad9a94\jackson-jaxrs-base-2.8.11.jar;C:\Users\stivinson.martinez\.gradle\caches\modules-2\files-2.1\com.fasterxml.jackson.jaxrs\jackson-jaxrs-json-provider\2.8.11\79894d1dfcff1bca147fd58f263602a6942a5d24\jackson-jaxrs-json-provider-2.8.11.jar;C:\Users\stivinson.martinez\.gradle\caches\modules-2\files-2.1\com.fasterxml\classmate\1.3.4\3d5f48f10bbe4eb7bd862f10c0583be2e0053c6\classmate-1.3.4.jar;C:\Users\stivinson.martinez\.gradle\caches\modules-2\files-2.1\org.springframework\spring-expression\4.3.18.RELEASE\64f2270bfd9d615c8c3b9d94995867f39391ed30\spring-expression-4.3.18.RELEASE.jar;C:\Users\stivinson.martinez\.gradle\caches\modules-2\files-2.1\net.minidev\json-smart\2.2.1\5b9e5df7a62d1279b70dc882b041d249c4f0b002\json-smart-2.2.1.jar;C:\Users\stivinson.martinez\.gradle\caches\modules-2\files-2.1\org.objenesis\objenesis\2.1\87c0ea803b69252868d09308b4618f766f135a96\objenesis-2.1.jar;C:\Users\stivinson.martinez\.gradle\caches\modules-2\files-2.1\com.vaadin.external.google\android-json\0.0.20131108.vaadin1\fa26d351fe62a6a17f5cda1287c1c6110dec413f\android-json-0.0.20131108.vaadin1.jar;C:\Users\stivinson.martinez\.gradle\caches\modules-2\files-2.1\ch.qos.logback\logback-classic\1.1.11\ccedfbacef4a6515d2983e3f89ed753d5d4fb665\logback-classic-1.1.11.jar;C:\Users\stivinson.martinez\.gradle\caches\modules-2\files-2.1\org.slf4j\jul-to-slf4j\1.7.25\af5364cd6679bfffb114f0dec8a157aaa283b76\jul-to-slf4j-1.7.25.jar;C:\Users\stivinson.martinez\.gradle\caches\modules-2\files-2.1\org.slf4j\log4j-over-slf4j\1.7.25\a87bb47468f47ee7aabbd54f93e133d4215769c3\log4j-over-slf4j-1.7.25.jar;C:\Users\stivinson.martinez\.gradle\caches\modules-2\files-2.1\org.apache.tomcat\tomcat-juli\8.5.31\603fb6e0ddd216b53a803801561661ae9c294ff\tomcat-juli-8.5.31.jar;C:\Users\stivinson.martinez\.gradle\caches\modules-2\files-2.1\org.apache.tomcat\tomcat-annotations-api\8.5.31\f0758d8b5d1404cc25f98945bdd5959699658b4a\tomcat-annotations-api-8.5.31.jar;C:\Users\stivinson.martinez\.gradle\caches\modules-2\files-2.1\org.glassfish.jersey.bundles.repackaged\jersey-guava\2.25.1\a2bb4f8208e134cf2cf71dfb8824e42942f7bd06\jersey-guava-2.25.1.jar;C:\Users\stivinson.martinez\.gradle\caches\modules-2\files-2.1\org.glassfish.hk2\osgi-resource-locator\1.0.1\4ed2b2d4738aed5786cfa64cba5a332779c4c708\osgi-resource-locator-1.0.1.jar;C:\Users\stivinson.martinez\.gradle\caches\modules-2\files-2.1\org.glassfish.hk2\hk2-utils\2.5.0-b32\5108a926988c4ceda7f1e681dddfe3101454a002\hk2-utils-2.5.0-b32.jar;C:\Users\stivinson.martinez\.gradle\caches\modules-2\files-2.1\org.glassfish.hk2.external\aopalliance-repackaged\2.5.0-b32\6af37c3f8ec6f9e9653ec837eb508da28ce443cd\aopalliance-repackaged-2.5.0-b32.jar;C:\Users\stivinson.martinez\.gradle\caches\modules-2\files-2.1\org.glassfish.hk2\config-types\2.5.0-b32\686bbe7f80b1b879d64c06bc6606c97721a795f2\config-types-2.5.0-b32.jar;C:\Users\stivinson.martinez\.gradle\caches\modules-2\files-2.1\org.glassfish.hk2\hk2-core\2.5.0-b32\8cb6a8a9522ec523b7740d29f555bdbe9d936af2\hk2-core-2.5.0-b32.jar;C:\Users\stivinson.martinez\.gradle\caches\modules-2\files-2.1\org.glassfish.hk2\hk2-config\2.5.0-b32\dce05ac4225dbc0c1c382ad02e3b5bee51f0168a\hk2-config-2.5.0-b32.jar;C:\Users\stivinson.martinez\.gradle\caches\modules-2\files-2.1\org.glassfish.hk2\hk2-runlevel\2.5.0-b32\60dc979763ea885e796cba4d3e322af8d500ba74\hk2-runlevel-2.5.0-b32.jar;C:\Users\stivinson.martinez\.gradle\caches\modules-2\files-2.1\org.glassfish.hk2\class-model\2.5.0-b32\17f054f3e91898c0c0fc52163ad904b13c24e8b\class-model-2.5.0-b32.jar;C:\Users\stivinson.martinez\.gradle\caches\modules-2\files-2.1\com.fasterxml.jackson.module\jackson-module-jaxb-annotations\2.8.11\7b52a95f0fed65cb8526d6aa2be090502226c449\jackson-module-jaxb-annotations-2.8.11.jar;C:\Users\stivinson.martinez\.gradle\caches\modules-2\files-2.1\net.minidev\accessors-smart\1.1\a527213f2fea112a04c9bdf0ec0264e34104cd08\accessors-smart-1.1.jar;C:\Users\stivinson.martinez\.gradle\caches\modules-2\files-2.1\ch.qos.logback\logback-core\1.1.11\88b8df40340eed549fb07e2613879bf6b006704d\logback-core-1.1.11.jar;C:\Users\stivinson.martinez\.gradle\caches\modules-2\files-2.1\org.glassfish.hk2.external\asm-all-repackaged\2.5.0-b32\dc705f1d54cd5a96cbc5a473525e75ef1cb59a9e\asm-all-repackaged-2.5.0-b32.jar;C:\Users\stivinson.martinez\.gradle\caches\modules-2\files-2.1\org.ow2.asm\asm\5.0.3\dcc2193db20e19e1feca8b1240dbbc4e190824fa\asm-5.0.3.jar, user.name=stivinson.martinez, java.vm.specification.version=1.8, sun.java.command=worker.org.gradle.process.internal.worker.GradleWorkerMain 'Gradle Test Executor 1', java.home=C:\Program Files\Java\jdk1.8.0_171\jre, sun.arch.data.model=64, user.language=en, java.specification.vendor=Oracle Corporation, awt.toolkit=sun.awt.windows.WToolkit, java.vm.info=mixed mode, java.version=1.8.0_171, java.ext.dirs=C:\Program Files\Java\jdk1.8.0_171\jre\lib\ext;C:\Windows\Sun\Java\lib\ext, sun.boot.class.path=C:\Program Files\Java\jdk1.8.0_171\jre\lib\resources.jar;C:\Program Files\Java\jdk1.8.0_171\jre\lib\rt.jar;C:\Program Files\Java\jdk1.8.0_171\jre\lib\sunrsasign.jar;C:\Program Files\Java\jdk1.8.0_171\jre\lib\jsse.jar;C:\Program Files\Java\jdk1.8.0_171\jre\lib\jce.jar;C:\Program Files\Java\jdk1.8.0_171\jre\lib\charsets.jar;C:\Program Files\Java\jdk1.8.0_171\jre\lib\jfr.jar;C:\Program Files\Java\jdk1.8.0_171\jre\classes, java.vendor=Oracle Corporation, org.gradle.test.worker=1, file.separator=\, java.vendor.url.bug=http://bugreport.sun.com/bugreport/, sun.io.unicode.encoding=UnicodeLittle, sun.cpu.endian=little, sun.desktop=windows, sun.cpu.isalist=amd64}}, SystemEnvironmentPropertySource@283193108 {name='systemEnvironment', properties={USERDOMAIN_ROAMINGPROFILE=CEIBA, LOCALAPPDATA=C:\Users\stivinson.martinez\AppData\Local, PROCESSOR_LEVEL=6, USERDOMAIN=CEIBA, LOGONSERVER=\\CRONOS, JAVA_HOME=C:\Program Files\Java\jdk1.8.0_171, SESSIONNAME=Console, ALLUSERSPROFILE=C:\ProgramData, PROCESSOR_ARCHITECTURE=AMD64, PSModulePath=C:\Program Files\WindowsPowerShell\Modules;C:\Windows\system32\WindowsPowerShell\v1.0\Modules, SystemDrive=C:, OneDrive=C:\Users\stivinson.martinez\OneDrive, APPDATA=C:\Users\stivinson.martinez\AppData\Roaming, USERNAME=stivinson.martinez, USERDNSDOMAIN=CEIBA.LOCAL, ProgramFiles(x86)=C:\Program Files (x86), CommonProgramFiles=C:\Program Files\Common Files, Path=C:/Program Files/Java/jre1.8.0_171/bin/server;C:/Program Files/Java/jre1.8.0_171/bin;C:/Program Files/Java/jre1.8.0_171/lib/amd64;C:\Program Files (x86)\Common Files\Oracle\Java\javapath;C:\Oracle\product\11.1.0\client_1\bin;C:\Program Files\CollabNet\Subversion Client;C:\Windows\system32;C:\Windows;C:\Windows\System32\Wbem;C:\Windows\System32\WindowsPowerShell\v1.0\;C:\Windows\System32\OpenSSH\;C:\Program Files\TortoiseSVN\bin;C:\Program Files\Java\jdk1.8.0_171\bin;C:\Program Files\Git\cmd;C:\Gradle\gradle-4.8.1\bin;C:\Program Files\nodejs\;C:\Users\stivinson.martinez\AppData\Local\Microsoft\WindowsApps;C:\Users\stivinson.martinez\AppData\Roaming\npm;C:\Users\stivinson.martinez\AppData\Local\atom\bin;C:\Users\stivinson.martinez\Desktop;, PATHEXT=.COM;.EXE;.BAT;.CMD;.VBS;.VBE;.JS;.JSE;.WSF;.WSH;.MSC, DriverData=C:\Windows\System32\Drivers\DriverData, OS=Windows_NT, COMPUTERNAME=STIVINSON-MARTI, PROCESSOR_REVISION=3c03, CommonProgramW6432=C:\Program Files\Common Files, ComSpec=C:\Windows\system32\cmd.exe, ProgramData=C:\ProgramData, ProgramW6432=C:\Program Files, HOMEPATH=\Users\stivinson.martinez, SystemRoot=C:\Windows, TEMP=C:\Users\STIVIN~1.MAR\AppData\Local\Temp, HOMEDRIVE=C:, PROCESSOR_IDENTIFIER=Intel64 Family 6 Model 60 Stepping 3, GenuineIntel, USERPROFILE=C:\Users\stivinson.martinez, TMP=C:\Users\STIVIN~1.MAR\AppData\Local\Temp, CommonProgramFiles(x86)=C:\Program Files (x86)\Common Files, ProgramFiles=C:\Program Files, PUBLIC=C:\Users\Public, NUMBER_OF_PROCESSORS=4, windir=C:\Windows, =::=::\}}]
15:40:55.936 [Test worker] DEBUG org.springframework.core.env.MutablePropertySources - Adding PropertySource 'inline' with highest search precedence
15:40:55.944 [Test worker] DEBUG org.springframework.test.context.support.TestPropertySourceUtils - Adding inlined properties to environment: {spring.jmx.enabled=false, org.springframework.boot.test.context.SpringBootTestContextBootstrapper=true, server.port=-1}
15:40:55.945 [Test worker] DEBUG org.springframework.core.env.StandardEnvironment - Adding PropertySource 'Inlined Test Properties' with highest search precedence

  .   ____          _            __ _ _
 /\\ / ___'_ __ _ _(_)_ __  __ _ \ \ \ \
( ( )\___ | '_ | '_| | '_ \/ _` | \ \ \ \
 \\/  ___)| |_)| | | | | || (_| |  ) ) ) )
  '  |____| .__|_| |_|_| |_\__, | / / / /
 =========|_|==============|___/=/_/_/_/
 :: Spring Boot ::       (v1.5.14.RELEASE)

2018-06-28 15:40:56.379  INFO 14192 --- [    Test worker] com.ceiba.parqueadero.CalculadoraTests   : Starting CalculadoraTests on STIVINSON-MARTINEZ with PID 14192 (started by stivinson.martinez in C:\Users\stivinson.martinez\Documents\parqueadero)
2018-06-28 15:40:56.381  INFO 14192 --- [    Test worker] com.ceiba.parqueadero.CalculadoraTests   : No active profile set, falling back to default profiles: default
2018-06-28 15:40:56.465  INFO 14192 --- [    Test worker] o.s.w.c.s.GenericWebApplicationContext   : Refreshing org.springframework.web.context.support.GenericWebApplicationContext@6509d1ab: startup date [Thu Jun 28 15:40:56 COT 2018]; root of context hierarchy
2018-06-28 15:40:58.478  INFO 14192 --- [    Test worker] f.a.AutowiredAnnotationBeanPostProcessor : JSR-330 'javax.inject.Inject' annotation found and supported for autowiring
2018-06-28 15:40:58.718  INFO 14192 --- [    Test worker] trationDelegate$BeanPostProcessorChecker : Bean 'org.springframework.transaction.annotation.ProxyTransactionManagementConfiguration' of type [org.springframework.transaction.annotation.ProxyTransactionManagementConfiguration$$EnhancerBySpringCGLIB$$4abe35d6] is not eligible for getting processed by all BeanPostProcessors (for example: not eligible for auto-proxying)
2018-06-28 15:41:00.352  INFO 14192 --- [    Test worker] j.LocalContainerEntityManagerFactoryBean : Building JPA container EntityManagerFactory for persistence unit 'default'
2018-06-28 15:41:00.386  INFO 14192 --- [    Test worker] o.hibernate.jpa.internal.util.LogHelper  : HHH000204: Processing PersistenceUnitInfo [
	name: default
	...]
2018-06-28 15:41:00.532  INFO 14192 --- [    Test worker] org.hibernate.Version                    : HHH000412: Hibernate Core {5.0.12.Final}
2018-06-28 15:41:00.535  INFO 14192 --- [    Test worker] org.hibernate.cfg.Environment            : HHH000206: hibernate.properties not found
2018-06-28 15:41:00.538  INFO 14192 --- [    Test worker] org.hibernate.cfg.Environment            : HHH000021: Bytecode provider name : javassist
2018-06-28 15:41:00.617  INFO 14192 --- [    Test worker] o.hibernate.annotations.common.Version   : HCANN000001: Hibernate Commons Annotations {5.0.1.Final}
2018-06-28 15:41:00.833  INFO 14192 --- [    Test worker] org.hibernate.dialect.Dialect            : HHH000400: Using dialect: org.hibernate.dialect.MySQLDialect
2018-06-28 15:41:01.613  INFO 14192 --- [    Test worker] org.hibernate.tool.hbm2ddl.SchemaExport  : HHH000227: Running hbm2ddl schema export
2018-06-28 15:41:01.621 DEBUG 14192 --- [    Test worker] org.hibernate.SQL                        : drop table if exists ficha_tecnica_ingresos
2018-06-28 15:41:01.721 DEBUG 14192 --- [    Test worker] org.hibernate.SQL                        : create table ficha_tecnica_ingresos (id bigint not null auto_increment, cilindraje integer not null, estado integer not null, fecha_ingreso datetime not null, placa varchar(255) not null, tipo_vehiculo integer not null, primary key (id))
2018-06-28 15:41:01.752  INFO 14192 --- [    Test worker] org.hibernate.tool.hbm2ddl.SchemaExport  : HHH000230: Schema export complete
2018-06-28 15:41:01.809  INFO 14192 --- [    Test worker] j.LocalContainerEntityManagerFactoryBean : Initialized JPA EntityManagerFactory for persistence unit 'default'
2018-06-28 15:41:02.967  INFO 14192 --- [    Test worker] s.w.s.m.m.a.RequestMappingHandlerAdapter : Looking for @ControllerAdvice: org.springframework.web.context.support.GenericWebApplicationContext@6509d1ab: startup date [Thu Jun 28 15:40:56 COT 2018]; root of context hierarchy
2018-06-28 15:41:03.086  INFO 14192 --- [    Test worker] s.w.s.m.m.a.RequestMappingHandlerMapping : Mapped "{[/error]}" onto public org.springframework.http.ResponseEntity<java.util.Map<java.lang.String, java.lang.Object>> org.springframework.boot.autoconfigure.web.BasicErrorController.error(javax.servlet.http.HttpServletRequest)
2018-06-28 15:41:03.088  INFO 14192 --- [    Test worker] s.w.s.m.m.a.RequestMappingHandlerMapping : Mapped "{[/error],produces=[text/html]}" onto public org.springframework.web.servlet.ModelAndView org.springframework.boot.autoconfigure.web.BasicErrorController.errorHtml(javax.servlet.http.HttpServletRequest,javax.servlet.http.HttpServletResponse)
2018-06-28 15:41:03.137  INFO 14192 --- [    Test worker] o.s.w.s.handler.SimpleUrlHandlerMapping  : Mapped URL path [/webjars/**] onto handler of type [class org.springframework.web.servlet.resource.ResourceHttpRequestHandler]
2018-06-28 15:41:03.138  INFO 14192 --- [    Test worker] o.s.w.s.handler.SimpleUrlHandlerMapping  : Mapped URL path [/**] onto handler of type [class org.springframework.web.servlet.resource.ResourceHttpRequestHandler]
2018-06-28 15:41:03.191  INFO 14192 --- [    Test worker] o.s.w.s.handler.SimpleUrlHandlerMapping  : Mapped URL path [/**/favicon.ico] onto handler of type [class org.springframework.web.servlet.resource.ResourceHttpRequestHandler]
2018-06-28 15:41:03.625  INFO 14192 --- [    Test worker] o.s.b.a.e.mvc.EndpointHandlerMapping     : Mapped "{[/health || /health.json],methods=[GET],produces=[application/vnd.spring-boot.actuator.v1+json || application/json]}" onto public java.lang.Object org.springframework.boot.actuate.endpoint.mvc.HealthMvcEndpoint.invoke(javax.servlet.http.HttpServletRequest,java.security.Principal)
2018-06-28 15:41:03.626  INFO 14192 --- [    Test worker] o.s.b.a.e.mvc.EndpointHandlerMapping     : Mapped "{[/configprops || /configprops.json],methods=[GET],produces=[application/vnd.spring-boot.actuator.v1+json || application/json]}" onto public java.lang.Object org.springframework.boot.actuate.endpoint.mvc.EndpointMvcAdapter.invoke()
2018-06-28 15:41:03.627  INFO 14192 --- [    Test worker] o.s.b.a.e.mvc.EndpointHandlerMapping     : Mapped "{[/env/{name:.*}],methods=[GET],produces=[application/vnd.spring-boot.actuator.v1+json || application/json]}" onto public java.lang.Object org.springframework.boot.actuate.endpoint.mvc.EnvironmentMvcEndpoint.value(java.lang.String)
2018-06-28 15:41:03.628  INFO 14192 --- [    Test worker] o.s.b.a.e.mvc.EndpointHandlerMapping     : Mapped "{[/env || /env.json],methods=[GET],produces=[application/vnd.spring-boot.actuator.v1+json || application/json]}" onto public java.lang.Object org.springframework.boot.actuate.endpoint.mvc.EndpointMvcAdapter.invoke()
2018-06-28 15:41:03.631  INFO 14192 --- [    Test worker] o.s.b.a.e.mvc.EndpointHandlerMapping     : Mapped "{[/loggers/{name:.*}],methods=[GET],produces=[application/vnd.spring-boot.actuator.v1+json || application/json]}" onto public java.lang.Object org.springframework.boot.actuate.endpoint.mvc.LoggersMvcEndpoint.get(java.lang.String)
2018-06-28 15:41:03.633  INFO 14192 --- [    Test worker] o.s.b.a.e.mvc.EndpointHandlerMapping     : Mapped "{[/loggers/{name:.*}],methods=[POST],consumes=[application/vnd.spring-boot.actuator.v1+json || application/json],produces=[application/vnd.spring-boot.actuator.v1+json || application/json]}" onto public java.lang.Object org.springframework.boot.actuate.endpoint.mvc.LoggersMvcEndpoint.set(java.lang.String,java.util.Map<java.lang.String, java.lang.String>)
2018-06-28 15:41:03.633  INFO 14192 --- [    Test worker] o.s.b.a.e.mvc.EndpointHandlerMapping     : Mapped "{[/loggers || /loggers.json],methods=[GET],produces=[application/vnd.spring-boot.actuator.v1+json || application/json]}" onto public java.lang.Object org.springframework.boot.actuate.endpoint.mvc.EndpointMvcAdapter.invoke()
2018-06-28 15:41:03.635  INFO 14192 --- [    Test worker] o.s.b.a.e.mvc.EndpointHandlerMapping     : Mapped "{[/auditevents || /auditevents.json],methods=[GET],produces=[application/vnd.spring-boot.actuator.v1+json || application/json]}" onto public org.springframework.http.ResponseEntity<?> org.springframework.boot.actuate.endpoint.mvc.AuditEventsMvcEndpoint.findByPrincipalAndAfterAndType(java.lang.String,java.util.Date,java.lang.String)
2018-06-28 15:41:03.637  INFO 14192 --- [    Test worker] o.s.b.a.e.mvc.EndpointHandlerMapping     : Mapped "{[/heapdump || /heapdump.json],methods=[GET],produces=[application/octet-stream]}" onto public void org.springframework.boot.actuate.endpoint.mvc.HeapdumpMvcEndpoint.invoke(boolean,javax.servlet.http.HttpServletRequest,javax.servlet.http.HttpServletResponse) throws java.io.IOException,javax.servlet.ServletException
2018-06-28 15:41:03.638  INFO 14192 --- [    Test worker] o.s.b.a.e.mvc.EndpointHandlerMapping     : Mapped "{[/mappings || /mappings.json],methods=[GET],produces=[application/vnd.spring-boot.actuator.v1+json || application/json]}" onto public java.lang.Object org.springframework.boot.actuate.endpoint.mvc.EndpointMvcAdapter.invoke()
2018-06-28 15:41:03.641  INFO 14192 --- [    Test worker] o.s.b.a.e.mvc.EndpointHandlerMapping     : Mapped "{[/metrics/{name:.*}],methods=[GET],produces=[application/vnd.spring-boot.actuator.v1+json || application/json]}" onto public java.lang.Object org.springframework.boot.actuate.endpoint.mvc.MetricsMvcEndpoint.value(java.lang.String)
2018-06-28 15:41:03.642  INFO 14192 --- [    Test worker] o.s.b.a.e.mvc.EndpointHandlerMapping     : Mapped "{[/metrics || /metrics.json],methods=[GET],produces=[application/vnd.spring-boot.actuator.v1+json || application/json]}" onto public java.lang.Object org.springframework.boot.actuate.endpoint.mvc.EndpointMvcAdapter.invoke()
2018-06-28 15:41:03.643  INFO 14192 --- [    Test worker] o.s.b.a.e.mvc.EndpointHandlerMapping     : Mapped "{[/dump || /dump.json],methods=[GET],produces=[application/vnd.spring-boot.actuator.v1+json || application/json]}" onto public java.lang.Object org.springframework.boot.actuate.endpoint.mvc.EndpointMvcAdapter.invoke()
2018-06-28 15:41:03.643  INFO 14192 --- [    Test worker] o.s.b.a.e.mvc.EndpointHandlerMapping     : Mapped "{[/info || /info.json],methods=[GET],produces=[application/vnd.spring-boot.actuator.v1+json || application/json]}" onto public java.lang.Object org.springframework.boot.actuate.endpoint.mvc.EndpointMvcAdapter.invoke()
2018-06-28 15:41:03.644  INFO 14192 --- [    Test worker] o.s.b.a.e.mvc.EndpointHandlerMapping     : Mapped "{[/trace || /trace.json],methods=[GET],produces=[application/vnd.spring-boot.actuator.v1+json || application/json]}" onto public java.lang.Object org.springframework.boot.actuate.endpoint.mvc.EndpointMvcAdapter.invoke()
2018-06-28 15:41:03.645  INFO 14192 --- [    Test worker] o.s.b.a.e.mvc.EndpointHandlerMapping     : Mapped "{[/beans || /beans.json],methods=[GET],produces=[application/vnd.spring-boot.actuator.v1+json || application/json]}" onto public java.lang.Object org.springframework.boot.actuate.endpoint.mvc.EndpointMvcAdapter.invoke()
2018-06-28 15:41:03.646  INFO 14192 --- [    Test worker] o.s.b.a.e.mvc.EndpointHandlerMapping     : Mapped "{[/autoconfig || /autoconfig.json],methods=[GET],produces=[application/vnd.spring-boot.actuator.v1+json || application/json]}" onto public java.lang.Object org.springframework.boot.actuate.endpoint.mvc.EndpointMvcAdapter.invoke()
2018-06-28 15:41:04.014  INFO 14192 --- [    Test worker] com.ceiba.parqueadero.CalculadoraTests   : Started CalculadoraTests in 8.054 seconds (JVM running for 9.899)
]]></system-out>
  <system-err><![CDATA[Thu Jun 28 15:40:59 COT 2018 WARN: Establishing SSL connection without server's identity verification is not recommended. According to MySQL 5.5.45+, 5.6.26+ and 5.7.6+ requirements SSL connection must be established by default if explicit option isn't set. For compliance with existing applications not using SSL the verifyServerCertificate property is set to 'false'. You need either to explicitly disable SSL by setting useSSL=false, or set useSSL=true and provide truststore for server certificate verification.
Thu Jun 28 15:41:00 COT 2018 WARN: Establishing SSL connection without server's identity verification is not recommended. According to MySQL 5.5.45+, 5.6.26+ and 5.7.6+ requirements SSL connection must be established by default if explicit option isn't set. For compliance with existing applications not using SSL the verifyServerCertificate property is set to 'false'. You need either to explicitly disable SSL by setting useSSL=false, or set useSSL=true and provide truststore for server certificate verification.
Thu Jun 28 15:41:00 COT 2018 WARN: Establishing SSL connection without server's identity verification is not recommended. According to MySQL 5.5.45+, 5.6.26+ and 5.7.6+ requirements SSL connection must be established by default if explicit option isn't set. For compliance with existing applications not using SSL the verifyServerCertificate property is set to 'false'. You need either to explicitly disable SSL by setting useSSL=false, or set useSSL=true and provide truststore for server certificate verification.
Thu Jun 28 15:41:00 COT 2018 WARN: Establishing SSL connection without server's identity verification is not recommended. According to MySQL 5.5.45+, 5.6.26+ and 5.7.6+ requirements SSL connection must be established by default if explicit option isn't set. For compliance with existing applications not using SSL the verifyServerCertificate property is set to 'false'. You need either to explicitly disable SSL by setting useSSL=false, or set useSSL=true and provide truststore for server certificate verification.
Thu Jun 28 15:41:00 COT 2018 WARN: Establishing SSL connection without server's identity verification is not recommended. According to MySQL 5.5.45+, 5.6.26+ and 5.7.6+ requirements SSL connection must be established by default if explicit option isn't set. For compliance with existing applications not using SSL the verifyServerCertificate property is set to 'false'. You need either to explicitly disable SSL by setting useSSL=false, or set useSSL=true and provide truststore for server certificate verification.
Thu Jun 28 15:41:00 COT 2018 WARN: Establishing SSL connection without server's identity verification is not recommended. According to MySQL 5.5.45+, 5.6.26+ and 5.7.6+ requirements SSL connection must be established by default if explicit option isn't set. For compliance with existing applications not using SSL the verifyServerCertificate property is set to 'false'. You need either to explicitly disable SSL by setting useSSL=false, or set useSSL=true and provide truststore for server certificate verification.
Thu Jun 28 15:41:00 COT 2018 WARN: Establishing SSL connection without server's identity verification is not recommended. According to MySQL 5.5.45+, 5.6.26+ and 5.7.6+ requirements SSL connection must be established by default if explicit option isn't set. For compliance with existing applications not using SSL the verifyServerCertificate property is set to 'false'. You need either to explicitly disable SSL by setting useSSL=false, or set useSSL=true and provide truststore for server certificate verification.
Thu Jun 28 15:41:00 COT 2018 WARN: Establishing SSL connection without server's identity verification is not recommended. According to MySQL 5.5.45+, 5.6.26+ and 5.7.6+ requirements SSL connection must be established by default if explicit option isn't set. For compliance with existing applications not using SSL the verifyServerCertificate property is set to 'false'. You need either to explicitly disable SSL by setting useSSL=false, or set useSSL=true and provide truststore for server certificate verification.
Thu Jun 28 15:41:00 COT 2018 WARN: Establishing SSL connection without server's identity verification is not recommended. According to MySQL 5.5.45+, 5.6.26+ and 5.7.6+ requirements SSL connection must be established by default if explicit option isn't set. For compliance with existing applications not using SSL the verifyServerCertificate property is set to 'false'. You need either to explicitly disable SSL by setting useSSL=false, or set useSSL=true and provide truststore for server certificate verification.
Thu Jun 28 15:41:00 COT 2018 WARN: Establishing SSL connection without server's identity verification is not recommended. According to MySQL 5.5.45+, 5.6.26+ and 5.7.6+ requirements SSL connection must be established by default if explicit option isn't set. For compliance with existing applications not using SSL the verifyServerCertificate property is set to 'false'. You need either to explicitly disable SSL by setting useSSL=false, or set useSSL=true and provide truststore for server certificate verification.
]]></system-err>
</testsuite>
