<?xml version="1.0" encoding="UTF-8"?>
<testsuite name="com.ceiba.parqueadero.ParqueaderoApplicationTests" tests="1" skipped="0" failures="0" errors="0" timestamp="2018-06-28T20:41:04" hostname="STIVINSON-MARTINEZ" time="0.003">
  <properties/>
  <testcase name="contextLoads" classname="com.ceiba.parqueadero.ParqueaderoApplicationTests" time="0.003"/>
  <system-out><![CDATA[2018-06-28 15:41:04.134  INFO 14192 --- [    Test worker] .b.t.c.SpringBootTestContextBootstrapper : Neither @ContextConfiguration nor @ContextHierarchy found for test class [com.ceiba.parqueadero.ParqueaderoApplicationTests], using SpringBootContextLoader
2018-06-28 15:41:04.135  INFO 14192 --- [    Test worker] o.s.t.c.support.AbstractContextLoader    : Could not detect default resource locations for test class [com.ceiba.parqueadero.ParqueaderoApplicationTests]: no resource found for suffixes {-context.xml, Context.groovy}.
2018-06-28 15:41:04.135  INFO 14192 --- [    Test worker] t.c.s.AnnotationConfigContextLoaderUtils : Could not detect default configuration classes for test class [com.ceiba.parqueadero.ParqueaderoApplicationTests]: ParqueaderoApplicationTests does not declare any static, non-private, non-final, nested classes annotated with @Configuration.
2018-06-28 15:41:04.143  INFO 14192 --- [    Test worker] .b.t.c.SpringBootTestContextBootstrapper : Found @SpringBootConfiguration com.ceiba.parqueadero.ParqueaderoApplication for test class com.ceiba.parqueadero.ParqueaderoApplicationTests
2018-06-28 15:41:04.146  INFO 14192 --- [    Test worker] .b.t.c.SpringBootTestContextBootstrapper : Loaded default TestExecutionListener class names from location [META-INF/spring.factories]: [org.springframework.boot.test.mock.mockito.MockitoTestExecutionListener, org.springframework.boot.test.mock.mockito.ResetMocksTestExecutionListener, org.springframework.boot.test.autoconfigure.restdocs.RestDocsTestExecutionListener, org.springframework.boot.test.autoconfigure.web.client.MockRestServiceServerResetTestExecutionListener, org.springframework.boot.test.autoconfigure.web.servlet.MockMvcPrintOnlyOnFailureTestExecutionListener, org.springframework.boot.test.autoconfigure.web.servlet.WebDriverTestExecutionListener, org.springframework.test.context.web.ServletTestExecutionListener, org.springframework.test.context.support.DirtiesContextBeforeModesTestExecutionListener, org.springframework.test.context.support.DependencyInjectionTestExecutionListener, org.springframework.test.context.support.DirtiesContextTestExecutionListener, org.springframework.test.context.transaction.TransactionalTestExecutionListener, org.springframework.test.context.jdbc.SqlScriptsTestExecutionListener]
2018-06-28 15:41:04.149  INFO 14192 --- [    Test worker] .b.t.c.SpringBootTestContextBootstrapper : Using TestExecutionListeners: [org.springframework.test.context.web.ServletTestExecutionListener@62b126ed, org.springframework.test.context.support.DirtiesContextBeforeModesTestExecutionListener@7482d53c, org.springframework.boot.test.mock.mockito.MockitoTestExecutionListener@c5ee56b, org.springframework.boot.test.autoconfigure.SpringBootDependencyInjectionTestExecutionListener@268bdffd, org.springframework.test.context.support.DirtiesContextTestExecutionListener@4de6138f, org.springframework.test.context.transaction.TransactionalTestExecutionListener@2f2f143a, org.springframework.test.context.jdbc.SqlScriptsTestExecutionListener@5421d909, org.springframework.boot.test.mock.mockito.ResetMocksTestExecutionListener@2c2d9047, org.springframework.boot.test.autoconfigure.restdocs.RestDocsTestExecutionListener@51aa8426, org.springframework.boot.test.autoconfigure.web.client.MockRestServiceServerResetTestExecutionListener@673d4ed, org.springframework.boot.test.autoconfigure.web.servlet.MockMvcPrintOnlyOnFailureTestExecutionListener@5cc0bcbb, org.springframework.boot.test.autoconfigure.web.servlet.WebDriverTestExecutionListener@1c2fa0cc]
]]></system-out>
  <system-err><![CDATA[]]></system-err>
</testsuite>
